{
  "numTotalTestSuites": 7,
  "numPassedTestSuites": 2,
  "numFailedTestSuites": 5,
  "numPendingTestSuites": 0,
  "numTotalTests": 27,
  "numPassedTests": 19,
  "numFailedTests": 8,
  "numPendingTests": 0,
  "numTodoTests": 0,
  "snapshot": {
    "added": 0,
    "failure": false,
    "filesAdded": 0,
    "filesRemoved": 0,
    "filesRemovedList": [],
    "filesUnmatched": 0,
    "filesUpdated": 0,
    "matched": 0,
    "total": 0,
    "unchecked": 0,
    "uncheckedKeysByFile": [],
    "unmatched": 0,
    "updated": 0,
    "didUpdate": false
  },
  "startTime": 1750653956407,
  "success": false,
  "testResults": [
    {
      "assertionResults": [
        {
          "ancestorTitles": ["CSRF Protection", "generateCSRFToken"],
          "fullName": "CSRF Protection generateCSRFToken should generate a CSRF token",
          "status": "passed",
          "title": "should generate a CSRF token",
          "duration": 1.9926839999999402,
          "failureMessages": [],
          "meta": {}
        },
        {
          "ancestorTitles": ["CSRF Protection", "generateCSRFToken"],
          "fullName": "CSRF Protection generateCSRFToken should generate unique tokens",
          "status": "passed",
          "title": "should generate unique tokens",
          "duration": 0.643071999999961,
          "failureMessages": [],
          "meta": {}
        },
        {
          "ancestorTitles": ["CSRF Protection", "generateCSRFToken"],
          "fullName": "CSRF Protection generateCSRFToken should generate cryptographically secure tokens",
          "status": "passed",
          "title": "should generate cryptographically secure tokens",
          "duration": 0.6231070000000045,
          "failureMessages": [],
          "meta": {}
        },
        {
          "ancestorTitles": ["CSRF Protection", "validateCSRFToken"],
          "fullName": "CSRF Protection validateCSRFToken should return false for null token",
          "status": "passed",
          "title": "should return false for null token",
          "duration": 0.20876099999998132,
          "failureMessages": [],
          "meta": {}
        },
        {
          "ancestorTitles": ["CSRF Protection", "validateCSRFToken"],
          "fullName": "CSRF Protection validateCSRFToken should return false for empty token",
          "status": "passed",
          "title": "should return false for empty token",
          "duration": 0.1582180000000335,
          "failureMessages": [],
          "meta": {}
        },
        {
          "ancestorTitles": ["CSRF Protection", "validateCSRFToken"],
          "fullName": "CSRF Protection validateCSRFToken should return false for invalid token",
          "status": "passed",
          "title": "should return false for invalid token",
          "duration": 0.3143649999999525,
          "failureMessages": [],
          "meta": {}
        },
        {
          "ancestorTitles": ["CSRF Protection", "validateCSRFToken"],
          "fullName": "CSRF Protection validateCSRFToken should return false when no session ID is available",
          "status": "passed",
          "title": "should return false when no session ID is available",
          "duration": 0.20404499999995096,
          "failureMessages": [],
          "meta": {}
        },
        {
          "ancestorTitles": ["CSRF Protection", "validateCSRFToken"],
          "fullName": "CSRF Protection validateCSRFToken should validate a valid token",
          "status": "failed",
          "title": "should validate a valid token",
          "duration": 5.103892999999971,
          "failureMessages": [
            "AssertionError: expected false to be true // Object.is equality\n    at /workspace/repos/bjornmelin-platform-io/src/lib/security/__tests__/csrf.test.ts:81:22\n    at processTicksAndRejections (node:internal/process/task_queues:95:5)\n    at file:///workspace/repos/bjornmelin-platform-io/node_modules/.pnpm/@vitest+runner@3.2.4/node_modules/@vitest/runner/dist/chunk-hooks.js:752:20"
          ],
          "meta": {}
        },
        {
          "ancestorTitles": ["CSRF Protection", "validateCSRFToken"],
          "fullName": "CSRF Protection validateCSRFToken should invalidate token after successful validation (one-time use)",
          "status": "failed",
          "title": "should invalidate token after successful validation (one-time use)",
          "duration": 0.5747240000000602,
          "failureMessages": [
            "AssertionError: expected false to be true // Object.is equality\n    at /workspace/repos/bjornmelin-platform-io/src/lib/security/__tests__/csrf.test.ts:89:23\n    at processTicksAndRejections (node:internal/process/task_queues:95:5)\n    at file:///workspace/repos/bjornmelin-platform-io/node_modules/.pnpm/@vitest+runner@3.2.4/node_modules/@vitest/runner/dist/chunk-hooks.js:752:20"
          ],
          "meta": {}
        },
        {
          "ancestorTitles": ["CSRF Protection", "validateCSRFToken"],
          "fullName": "CSRF Protection validateCSRFToken should reject expired tokens",
          "status": "passed",
          "title": "should reject expired tokens",
          "duration": 0.5359690000000228,
          "failureMessages": [],
          "meta": {}
        },
        {
          "ancestorTitles": ["CSRF Protection", "validateCSRFToken"],
          "fullName": "CSRF Protection validateCSRFToken should accept tokens within expiry time",
          "status": "failed",
          "title": "should accept tokens within expiry time",
          "duration": 0.3972559999999703,
          "failureMessages": [
            "AssertionError: expected false to be true // Object.is equality\n    at /workspace/repos/bjornmelin-platform-io/src/lib/security/__tests__/csrf.test.ts:113:22\n    at processTicksAndRejections (node:internal/process/task_queues:95:5)\n    at file:///workspace/repos/bjornmelin-platform-io/node_modules/.pnpm/@vitest+runner@3.2.4/node_modules/@vitest/runner/dist/chunk-hooks.js:752:20"
          ],
          "meta": {}
        },
        {
          "ancestorTitles": ["CSRF Protection", "getCSRFTokenFromRequest"],
          "fullName": "CSRF Protection getCSRFTokenFromRequest should extract CSRF token from request headers",
          "status": "passed",
          "title": "should extract CSRF token from request headers",
          "duration": 0.23271099999999478,
          "failureMessages": [],
          "meta": {}
        },
        {
          "ancestorTitles": ["CSRF Protection", "getCSRFTokenFromRequest"],
          "fullName": "CSRF Protection getCSRFTokenFromRequest should return null when no CSRF token in headers",
          "status": "passed",
          "title": "should return null when no CSRF token in headers",
          "duration": 0.20185000000003583,
          "failureMessages": [],
          "meta": {}
        },
        {
          "ancestorTitles": ["CSRF Protection", "checkCSRFToken"],
          "fullName": "CSRF Protection checkCSRFToken should allow GET requests without CSRF token",
          "status": "passed",
          "title": "should allow GET requests without CSRF token",
          "duration": 1.3159070000000384,
          "failureMessages": [],
          "meta": {}
        },
        {
          "ancestorTitles": ["CSRF Protection", "checkCSRFToken"],
          "fullName": "CSRF Protection checkCSRFToken should allow HEAD requests without CSRF token",
          "status": "failed",
          "title": "should allow HEAD requests without CSRF token",
          "duration": 0.6379590000000235,
          "failureMessages": [
            "AssertionError: expected false to be true // Object.is equality\n    at /workspace/repos/bjornmelin-platform-io/src/lib/security/__tests__/csrf.test.ts:150:28\n    at processTicksAndRejections (node:internal/process/task_queues:95:5)\n    at file:///workspace/repos/bjornmelin-platform-io/node_modules/.pnpm/@vitest+runner@3.2.4/node_modules/@vitest/runner/dist/chunk-hooks.js:752:20"
          ],
          "meta": {}
        },
        {
          "ancestorTitles": ["CSRF Protection", "checkCSRFToken"],
          "fullName": "CSRF Protection checkCSRFToken should reject POST requests without CSRF token",
          "status": "passed",
          "title": "should reject POST requests without CSRF token",
          "duration": 0.6886010000000624,
          "failureMessages": [],
          "meta": {}
        },
        {
          "ancestorTitles": ["CSRF Protection", "checkCSRFToken"],
          "fullName": "CSRF Protection checkCSRFToken should reject PUT requests without CSRF token",
          "status": "passed",
          "title": "should reject PUT requests without CSRF token",
          "duration": 0.34811899999999696,
          "failureMessages": [],
          "meta": {}
        },
        {
          "ancestorTitles": ["CSRF Protection", "checkCSRFToken"],
          "fullName": "CSRF Protection checkCSRFToken should reject DELETE requests without CSRF token",
          "status": "passed",
          "title": "should reject DELETE requests without CSRF token",
          "duration": 0.40881000000001677,
          "failureMessages": [],
          "meta": {}
        },
        {
          "ancestorTitles": ["CSRF Protection", "checkCSRFToken"],
          "fullName": "CSRF Protection checkCSRFToken should reject PATCH requests without CSRF token",
          "status": "passed",
          "title": "should reject PATCH requests without CSRF token",
          "duration": 0.34029899999995905,
          "failureMessages": [],
          "meta": {}
        },
        {
          "ancestorTitles": ["CSRF Protection", "checkCSRFToken"],
          "fullName": "CSRF Protection checkCSRFToken should reject POST requests with invalid CSRF token",
          "status": "passed",
          "title": "should reject POST requests with invalid CSRF token",
          "duration": 0.4088600000000042,
          "failureMessages": [],
          "meta": {}
        },
        {
          "ancestorTitles": ["CSRF Protection", "checkCSRFToken"],
          "fullName": "CSRF Protection checkCSRFToken should accept POST requests with valid CSRF token",
          "status": "failed",
          "title": "should accept POST requests with valid CSRF token",
          "duration": 0.5406550000000152,
          "failureMessages": [
            "AssertionError: expected false to be true // Object.is equality\n    at /workspace/repos/bjornmelin-platform-io/src/lib/security/__tests__/csrf.test.ts:234:28\n    at processTicksAndRejections (node:internal/process/task_queues:95:5)\n    at file:///workspace/repos/bjornmelin-platform-io/node_modules/.pnpm/@vitest+runner@3.2.4/node_modules/@vitest/runner/dist/chunk-hooks.js:752:20"
          ],
          "meta": {}
        },
        {
          "ancestorTitles": ["CSRF Protection", "checkCSRFToken"],
          "fullName": "CSRF Protection checkCSRFToken should handle case-insensitive header names",
          "status": "failed",
          "title": "should handle case-insensitive header names",
          "duration": 0.5195119999999633,
          "failureMessages": [
            "AssertionError: expected false to be true // Object.is equality\n    at /workspace/repos/bjornmelin-platform-io/src/lib/security/__tests__/csrf.test.ts:250:28\n    at processTicksAndRejections (node:internal/process/task_queues:95:5)\n    at file:///workspace/repos/bjornmelin-platform-io/node_modules/.pnpm/@vitest+runner@3.2.4/node_modules/@vitest/runner/dist/chunk-hooks.js:752:20"
          ],
          "meta": {}
        },
        {
          "ancestorTitles": ["CSRF Protection", "Security Attack Scenarios"],
          "fullName": "CSRF Protection Security Attack Scenarios should prevent CSRF token reuse across different sessions",
          "status": "passed",
          "title": "should prevent CSRF token reuse across different sessions",
          "duration": 0.27152300000000196,
          "failureMessages": [],
          "meta": {}
        },
        {
          "ancestorTitles": ["CSRF Protection", "Security Attack Scenarios"],
          "fullName": "CSRF Protection Security Attack Scenarios should prevent token prediction attacks",
          "status": "passed",
          "title": "should prevent token prediction attacks",
          "duration": 0.607140999999956,
          "failureMessages": [],
          "meta": {}
        },
        {
          "ancestorTitles": ["CSRF Protection", "Security Attack Scenarios"],
          "fullName": "CSRF Protection Security Attack Scenarios should clean up expired tokens periodically",
          "status": "failed",
          "title": "should clean up expired tokens periodically",
          "duration": 0.42631600000004255,
          "failureMessages": [
            "AssertionError: expected false to be true // Object.is equality\n    at /workspace/repos/bjornmelin-platform-io/src/lib/security/__tests__/csrf.test.ts:302:22\n    at processTicksAndRejections (node:internal/process/task_queues:95:5)\n    at file:///workspace/repos/bjornmelin-platform-io/node_modules/.pnpm/@vitest+runner@3.2.4/node_modules/@vitest/runner/dist/chunk-hooks.js:752:20"
          ],
          "meta": {}
        },
        {
          "ancestorTitles": ["CSRF Protection", "Security Attack Scenarios"],
          "fullName": "CSRF Protection Security Attack Scenarios should prevent timing attacks by consistent response times",
          "status": "failed",
          "title": "should prevent timing attacks by consistent response times",
          "duration": 0.4183500000000322,
          "failureMessages": [
            "AssertionError: expected false to be true // Object.is equality\n    at /workspace/repos/bjornmelin-platform-io/src/lib/security/__tests__/csrf.test.ts:313:23\n    at processTicksAndRejections (node:internal/process/task_queues:95:5)\n    at file:///workspace/repos/bjornmelin-platform-io/node_modules/.pnpm/@vitest+runner@3.2.4/node_modules/@vitest/runner/dist/chunk-hooks.js:752:20"
          ],
          "meta": {}
        },
        {
          "ancestorTitles": ["CSRF Protection", "Security Attack Scenarios"],
          "fullName": "CSRF Protection Security Attack Scenarios should handle malformed tokens gracefully",
          "status": "passed",
          "title": "should handle malformed tokens gracefully",
          "duration": 0.39088200000003326,
          "failureMessages": [],
          "meta": {}
        }
      ],
      "startTime": 1750653956979,
      "endTime": 1750653956997.4263,
      "status": "failed",
      "message": "",
      "name": "/workspace/repos/bjornmelin-platform-io/src/lib/security/__tests__/csrf.test.ts"
    }
  ],
  "coverageMap": {
    "/workspace/repos/bjornmelin-platform-io/src/lib/security/csrf.ts": {
      "path": "/workspace/repos/bjornmelin-platform-io/src/lib/security/csrf.ts",
      "all": false,
      "statementMap": {
        "0": { "start": { "line": 1, "column": 0 }, "end": { "line": 1, "column": 42 } },
        "1": { "start": { "line": 2, "column": 0 }, "end": { "line": 2, "column": 39 } },
        "10": { "start": { "line": 11, "column": 0 }, "end": { "line": 11, "column": 73 } },
        "13": { "start": { "line": 14, "column": 0 }, "end": { "line": 14, "column": 36 } },
        "16": { "start": { "line": 17, "column": 0 }, "end": { "line": 17, "column": 12 } },
        "17": { "start": { "line": 18, "column": 0 }, "end": { "line": 18, "column": 9 } },
        "18": { "start": { "line": 19, "column": 0 }, "end": { "line": 19, "column": 27 } },
        "19": { "start": { "line": 20, "column": 0 }, "end": { "line": 20, "column": 54 } },
        "20": { "start": { "line": 21, "column": 0 }, "end": { "line": 21, "column": 32 } },
        "21": { "start": { "line": 22, "column": 0 }, "end": { "line": 22, "column": 31 } },
        "22": { "start": { "line": 23, "column": 0 }, "end": { "line": 23, "column": 7 } },
        "23": { "start": { "line": 24, "column": 0 }, "end": { "line": 24, "column": 5 } },
        "24": { "start": { "line": 25, "column": 0 }, "end": { "line": 25, "column": 4 } },
        "25": { "start": { "line": 26, "column": 0 }, "end": { "line": 26, "column": 17 } },
        "26": { "start": { "line": 27, "column": 0 }, "end": { "line": 27, "column": 26 } },
        "31": { "start": { "line": 32, "column": 0 }, "end": { "line": 32, "column": 45 } },
        "32": { "start": { "line": 33, "column": 0 }, "end": { "line": 33, "column": 48 } },
        "33": { "start": { "line": 34, "column": 0 }, "end": { "line": 34, "column": 40 } },
        "35": { "start": { "line": 36, "column": 0 }, "end": { "line": 36, "column": 29 } },
        "36": { "start": { "line": 37, "column": 0 }, "end": { "line": 37, "column": 10 } },
        "37": { "start": { "line": 38, "column": 0 }, "end": { "line": 38, "column": 39 } },
        "38": { "start": { "line": 39, "column": 0 }, "end": { "line": 39, "column": 5 } },
        "40": { "start": { "line": 41, "column": 0 }, "end": { "line": 41, "column": 15 } },
        "41": { "start": { "line": 42, "column": 0 }, "end": { "line": 42, "column": 1 } },
        "46": { "start": { "line": 47, "column": 0 }, "end": { "line": 47, "column": 81 } },
        "47": { "start": { "line": 48, "column": 0 }, "end": { "line": 48, "column": 27 } },
        "49": { "start": { "line": 50, "column": 0 }, "end": { "line": 50, "column": 38 } },
        "50": { "start": { "line": 51, "column": 0 }, "end": { "line": 51, "column": 46 } },
        "52": { "start": { "line": 53, "column": 0 }, "end": { "line": 53, "column": 31 } },
        "54": { "start": { "line": 55, "column": 0 }, "end": { "line": 55, "column": 47 } },
        "56": { "start": { "line": 57, "column": 0 }, "end": { "line": 57, "column": 32 } },
        "59": { "start": { "line": 60, "column": 0 }, "end": { "line": 60, "column": 40 } },
        "60": { "start": { "line": 61, "column": 0 }, "end": { "line": 61, "column": 33 } },
        "61": { "start": { "line": 62, "column": 0 }, "end": { "line": 62, "column": 17 } },
        "62": { "start": { "line": 63, "column": 0 }, "end": { "line": 63, "column": 3 } },
        "65": { "start": { "line": 66, "column": 0 }, "end": { "line": 66, "column": 45 } },
        "68": { "start": { "line": 69, "column": 0 }, "end": { "line": 69, "column": 16 } },
        "69": { "start": { "line": 70, "column": 0 }, "end": { "line": 70, "column": 33 } },
        "70": { "start": { "line": 71, "column": 0 }, "end": { "line": 71, "column": 3 } },
        "72": { "start": { "line": 73, "column": 0 }, "end": { "line": 73, "column": 17 } },
        "73": { "start": { "line": 74, "column": 0 }, "end": { "line": 74, "column": 1 } },
        "78": { "start": { "line": 79, "column": 0 }, "end": { "line": 79, "column": 73 } },
        "79": { "start": { "line": 80, "column": 0 }, "end": { "line": 80, "column": 38 } },
        "80": { "start": { "line": 81, "column": 0 }, "end": { "line": 81, "column": 41 } },
        "81": { "start": { "line": 82, "column": 0 }, "end": { "line": 82, "column": 1 } },
        "87": { "start": { "line": 88, "column": 0 }, "end": { "line": 88, "column": 38 } },
        "90": { "start": { "line": 91, "column": 0 }, "end": { "line": 91, "column": 31 } },
        "91": { "start": { "line": 92, "column": 0 }, "end": { "line": 92, "column": 49 } },
        "92": { "start": { "line": 93, "column": 0 }, "end": { "line": 93, "column": 34 } },
        "93": { "start": { "line": 94, "column": 0 }, "end": { "line": 94, "column": 1 } },
        "98": { "start": { "line": 99, "column": 0 }, "end": { "line": 99, "column": 60 } },
        "101": { "start": { "line": 102, "column": 0 }, "end": { "line": 102, "column": 41 } },
        "102": { "start": { "line": 103, "column": 0 }, "end": { "line": 103, "column": 1 } },
        "107": { "start": { "line": 108, "column": 0 }, "end": { "line": 108, "column": 37 } },
        "108": { "start": { "line": 109, "column": 0 }, "end": { "line": 109, "column": 19 } },
        "109": { "start": { "line": 110, "column": 0 }, "end": { "line": 110, "column": 48 } },
        "111": { "start": { "line": 112, "column": 0 }, "end": { "line": 112, "column": 33 } },
        "112": { "start": { "line": 113, "column": 0 }, "end": { "line": 113, "column": 27 } },
        "113": { "start": { "line": 114, "column": 0 }, "end": { "line": 114, "column": 3 } },
        "115": { "start": { "line": 116, "column": 0 }, "end": { "line": 116, "column": 52 } },
        "116": { "start": { "line": 117, "column": 0 }, "end": { "line": 117, "column": 49 } },
        "118": { "start": { "line": 119, "column": 0 }, "end": { "line": 119, "column": 17 } },
        "119": { "start": { "line": 120, "column": 0 }, "end": { "line": 120, "column": 12 } },
        "120": { "start": { "line": 121, "column": 0 }, "end": { "line": 121, "column": 19 } },
        "121": { "start": { "line": 122, "column": 0 }, "end": { "line": 122, "column": 45 } },
        "122": { "start": { "line": 123, "column": 0 }, "end": { "line": 123, "column": 6 } },
        "123": { "start": { "line": 124, "column": 0 }, "end": { "line": 124, "column": 3 } },
        "125": { "start": { "line": 126, "column": 0 }, "end": { "line": 126, "column": 25 } },
        "126": { "start": { "line": 127, "column": 0 }, "end": { "line": 127, "column": 1 } }
      },
      "s": {
        "0": 1,
        "1": 1,
        "10": 1,
        "13": 1,
        "16": 1,
        "17": 1,
        "18": 0,
        "19": 0,
        "20": 0,
        "21": 0,
        "22": 0,
        "23": 0,
        "24": 0,
        "25": 1,
        "26": 1,
        "31": 1,
        "32": 128,
        "33": 128,
        "35": 128,
        "36": 128,
        "37": 128,
        "38": 128,
        "40": 128,
        "41": 128,
        "46": 29,
        "47": 29,
        "49": 19,
        "50": 19,
        "52": 29,
        "54": 18,
        "56": 18,
        "59": 0,
        "60": 0,
        "61": 0,
        "62": 0,
        "65": 0,
        "68": 0,
        "69": 0,
        "70": 0,
        "72": 0,
        "73": 0,
        "78": 2,
        "79": 2,
        "80": 2,
        "81": 2,
        "87": 128,
        "90": 128,
        "91": 128,
        "92": 128,
        "93": 128,
        "98": 19,
        "101": 19,
        "102": 19,
        "107": 9,
        "108": 9,
        "109": 9,
        "111": 9,
        "112": 1,
        "113": 1,
        "115": 8,
        "116": 8,
        "118": 8,
        "119": 8,
        "120": 8,
        "121": 8,
        "122": 8,
        "123": 8,
        "125": 0,
        "126": 0
      },
      "branchMap": {
        "0": {
          "type": "branch",
          "line": 32,
          "loc": { "start": { "line": 32, "column": 7 }, "end": { "line": 42, "column": 1 } },
          "locations": [
            { "start": { "line": 32, "column": 7 }, "end": { "line": 42, "column": 1 } }
          ]
        },
        "1": {
          "type": "branch",
          "line": 47,
          "loc": { "start": { "line": 47, "column": 0 }, "end": { "line": 74, "column": 1 } },
          "locations": [
            { "start": { "line": 47, "column": 0 }, "end": { "line": 74, "column": 1 } }
          ]
        },
        "2": {
          "type": "branch",
          "line": 48,
          "loc": { "start": { "line": 48, "column": 14 }, "end": { "line": 48, "column": 27 } },
          "locations": [
            { "start": { "line": 48, "column": 14 }, "end": { "line": 48, "column": 27 } }
          ]
        },
        "3": {
          "type": "branch",
          "line": 48,
          "loc": { "start": { "line": 48, "column": 21 }, "end": { "line": 53, "column": 25 } },
          "locations": [
            { "start": { "line": 48, "column": 21 }, "end": { "line": 53, "column": 25 } }
          ]
        },
        "4": {
          "type": "branch",
          "line": 53,
          "loc": { "start": { "line": 53, "column": 18 }, "end": { "line": 53, "column": 31 } },
          "locations": [
            { "start": { "line": 53, "column": 18 }, "end": { "line": 53, "column": 31 } }
          ]
        },
        "5": {
          "type": "branch",
          "line": 53,
          "loc": { "start": { "line": 53, "column": 25 }, "end": { "line": 57, "column": 32 } },
          "locations": [
            { "start": { "line": 53, "column": 25 }, "end": { "line": 57, "column": 32 } }
          ]
        },
        "6": {
          "type": "branch",
          "line": 57,
          "loc": { "start": { "line": 57, "column": 26 }, "end": { "line": 74, "column": 1 } },
          "locations": [
            { "start": { "line": 57, "column": 26 }, "end": { "line": 74, "column": 1 } }
          ]
        },
        "7": {
          "type": "branch",
          "line": 79,
          "loc": { "start": { "line": 79, "column": 0 }, "end": { "line": 82, "column": 1 } },
          "locations": [
            { "start": { "line": 79, "column": 0 }, "end": { "line": 82, "column": 1 } }
          ]
        },
        "8": {
          "type": "branch",
          "line": 88,
          "loc": { "start": { "line": 88, "column": 0 }, "end": { "line": 94, "column": 1 } },
          "locations": [
            { "start": { "line": 88, "column": 0 }, "end": { "line": 94, "column": 1 } }
          ]
        },
        "9": {
          "type": "branch",
          "line": 99,
          "loc": { "start": { "line": 99, "column": 0 }, "end": { "line": 103, "column": 1 } },
          "locations": [
            { "start": { "line": 99, "column": 0 }, "end": { "line": 103, "column": 1 } }
          ]
        },
        "10": {
          "type": "branch",
          "line": 108,
          "loc": { "start": { "line": 108, "column": 0 }, "end": { "line": 127, "column": 1 } },
          "locations": [
            { "start": { "line": 108, "column": 0 }, "end": { "line": 127, "column": 1 } }
          ]
        },
        "11": {
          "type": "branch",
          "line": 112,
          "loc": { "start": { "line": 112, "column": 32 }, "end": { "line": 114, "column": 3 } },
          "locations": [
            { "start": { "line": 112, "column": 32 }, "end": { "line": 114, "column": 3 } }
          ]
        },
        "12": {
          "type": "branch",
          "line": 114,
          "loc": { "start": { "line": 114, "column": 2 }, "end": { "line": 124, "column": 3 } },
          "locations": [
            { "start": { "line": 114, "column": 2 }, "end": { "line": 124, "column": 3 } }
          ]
        },
        "13": {
          "type": "branch",
          "line": 124,
          "loc": { "start": { "line": 124, "column": 2 }, "end": { "line": 127, "column": 1 } },
          "locations": [
            { "start": { "line": 124, "column": 2 }, "end": { "line": 127, "column": 1 } }
          ]
        }
      },
      "b": {
        "0": [128],
        "1": [29],
        "2": [10],
        "3": [19],
        "4": [1],
        "5": [18],
        "6": [0],
        "7": [2],
        "8": [128],
        "9": [19],
        "10": [9],
        "11": [1],
        "12": [8],
        "13": [0]
      },
      "fnMap": {
        "0": {
          "name": "generateCSRFToken",
          "decl": { "start": { "line": 32, "column": 7 }, "end": { "line": 42, "column": 1 } },
          "loc": { "start": { "line": 32, "column": 7 }, "end": { "line": 42, "column": 1 } },
          "line": 32
        },
        "1": {
          "name": "validateCSRFToken",
          "decl": { "start": { "line": 47, "column": 0 }, "end": { "line": 74, "column": 1 } },
          "loc": { "start": { "line": 47, "column": 0 }, "end": { "line": 74, "column": 1 } },
          "line": 47
        },
        "2": {
          "name": "getCSRFTokenFromRequest",
          "decl": { "start": { "line": 79, "column": 0 }, "end": { "line": 82, "column": 1 } },
          "loc": { "start": { "line": 79, "column": 0 }, "end": { "line": 82, "column": 1 } },
          "line": 79
        },
        "3": {
          "name": "generateSessionId",
          "decl": { "start": { "line": 88, "column": 0 }, "end": { "line": 94, "column": 1 } },
          "loc": { "start": { "line": 88, "column": 0 }, "end": { "line": 94, "column": 1 } },
          "line": 88
        },
        "4": {
          "name": "getSessionId",
          "decl": { "start": { "line": 99, "column": 0 }, "end": { "line": 103, "column": 1 } },
          "loc": { "start": { "line": 99, "column": 0 }, "end": { "line": 103, "column": 1 } },
          "line": 99
        },
        "5": {
          "name": "checkCSRFToken",
          "decl": { "start": { "line": 108, "column": 0 }, "end": { "line": 127, "column": 1 } },
          "loc": { "start": { "line": 108, "column": 0 }, "end": { "line": 127, "column": 1 } },
          "line": 108
        }
      },
      "f": { "0": 128, "1": 29, "2": 2, "3": 128, "4": 19, "5": 9 }
    },
    "/workspace/repos/bjornmelin-platform-io/src/env.mjs": {
      "path": "/workspace/repos/bjornmelin-platform-io/src/env.mjs",
      "all": true,
      "statementMap": {
        "0": { "start": { "line": 1, "column": 0 }, "end": { "line": 1, "column": 47 } },
        "1": { "start": { "line": 2, "column": 0 }, "end": { "line": 2, "column": 24 } },
        "3": { "start": { "line": 4, "column": 0 }, "end": { "line": 4, "column": 30 } },
        "4": { "start": { "line": 5, "column": 0 }, "end": { "line": 5, "column": 13 } },
        "5": { "start": { "line": 6, "column": 0 }, "end": { "line": 6, "column": 30 } },
        "6": { "start": { "line": 7, "column": 0 }, "end": { "line": 7, "column": 106 } },
        "7": { "start": { "line": 8, "column": 0 }, "end": { "line": 8, "column": 46 } },
        "8": { "start": { "line": 9, "column": 0 }, "end": { "line": 9, "column": 42 } },
        "9": { "start": { "line": 10, "column": 0 }, "end": { "line": 10, "column": 28 } },
        "10": { "start": { "line": 11, "column": 0 }, "end": { "line": 11, "column": 52 } },
        "11": { "start": { "line": 12, "column": 0 }, "end": { "line": 12, "column": 6 } },
        "12": { "start": { "line": 13, "column": 0 }, "end": { "line": 13, "column": 13 } },
        "13": { "start": { "line": 14, "column": 0 }, "end": { "line": 14, "column": 47 } },
        "14": { "start": { "line": 15, "column": 0 }, "end": { "line": 15, "column": 6 } },
        "15": { "start": { "line": 16, "column": 0 }, "end": { "line": 16, "column": 17 } },
        "16": { "start": { "line": 17, "column": 0 }, "end": { "line": 17, "column": 51 } },
        "17": { "start": { "line": 18, "column": 0 }, "end": { "line": 18, "column": 57 } },
        "18": { "start": { "line": 19, "column": 0 }, "end": { "line": 19, "column": 49 } },
        "19": { "start": { "line": 20, "column": 0 }, "end": { "line": 20, "column": 43 } },
        "20": { "start": { "line": 21, "column": 0 }, "end": { "line": 21, "column": 61 } },
        "21": { "start": { "line": 22, "column": 0 }, "end": { "line": 22, "column": 6 } },
        "22": { "start": { "line": 23, "column": 0 }, "end": { "line": 23, "column": 54 } },
        "23": { "start": { "line": 24, "column": 0 }, "end": { "line": 24, "column": 3 } }
      },
      "s": {
        "0": 0,
        "1": 0,
        "3": 0,
        "4": 0,
        "5": 0,
        "6": 0,
        "7": 0,
        "8": 0,
        "9": 0,
        "10": 0,
        "11": 0,
        "12": 0,
        "13": 0,
        "14": 0,
        "15": 0,
        "16": 0,
        "17": 0,
        "18": 0,
        "19": 0,
        "20": 0,
        "21": 0,
        "22": 0,
        "23": 0
      },
      "branchMap": {
        "0": {
          "type": "branch",
          "line": 1,
          "loc": { "start": { "line": 1, "column": 854 }, "end": { "line": 24, "column": 3 } },
          "locations": [
            { "start": { "line": 1, "column": 854 }, "end": { "line": 24, "column": 3 } }
          ]
        }
      },
      "b": { "0": [0] },
      "fnMap": {
        "0": {
          "name": "(empty-report)",
          "decl": { "start": { "line": 1, "column": 854 }, "end": { "line": 24, "column": 3 } },
          "loc": { "start": { "line": 1, "column": 854 }, "end": { "line": 24, "column": 3 } },
          "line": 1
        }
      },
      "f": { "0": 0 }
    },
    "/workspace/repos/bjornmelin-platform-io/scripts/test-email.js": {
      "path": "/workspace/repos/bjornmelin-platform-io/scripts/test-email.js",
      "all": true,
      "statementMap": {
        "0": { "start": { "line": 1, "column": 0 }, "end": { "line": 1, "column": 19 } },
        "2": { "start": { "line": 3, "column": 0 }, "end": { "line": 3, "column": 3 } },
        "3": { "start": { "line": 4, "column": 0 }, "end": { "line": 4, "column": 43 } },
        "4": { "start": { "line": 5, "column": 0 }, "end": { "line": 5, "column": 39 } },
        "5": { "start": { "line": 6, "column": 0 }, "end": { "line": 6, "column": 3 } },
        "7": { "start": { "line": 8, "column": 0 }, "end": { "line": 8, "column": 42 } },
        "8": { "start": { "line": 9, "column": 0 }, "end": { "line": 9, "column": 41 } },
        "9": { "start": { "line": 10, "column": 0 }, "end": { "line": 10, "column": 28 } },
        "10": { "start": { "line": 11, "column": 0 }, "end": { "line": 11, "column": 32 } },
        "12": { "start": { "line": 13, "column": 0 }, "end": { "line": 13, "column": 58 } },
        "13": { "start": { "line": 14, "column": 0 }, "end": { "line": 14, "column": 58 } },
        "15": { "start": { "line": 16, "column": 0 }, "end": { "line": 16, "column": 54 } },
        "17": { "start": { "line": 18, "column": 0 }, "end": { "line": 18, "column": 28 } },
        "18": { "start": { "line": 19, "column": 0 }, "end": { "line": 19, "column": 7 } },
        "19": { "start": { "line": 20, "column": 0 }, "end": { "line": 20, "column": 55 } },
        "21": { "start": { "line": 22, "column": 0 }, "end": { "line": 22, "column": 54 } },
        "22": { "start": { "line": 23, "column": 0 }, "end": { "line": 23, "column": 54 } },
        "23": { "start": { "line": 24, "column": 0 }, "end": { "line": 24, "column": 36 } },
        "24": { "start": { "line": 25, "column": 0 }, "end": { "line": 25, "column": 47 } },
        "25": { "start": { "line": 26, "column": 0 }, "end": { "line": 26, "column": 93 } },
        "26": { "start": { "line": 27, "column": 0 }, "end": { "line": 27, "column": 117 } },
        "27": { "start": { "line": 28, "column": 0 }, "end": { "line": 28, "column": 7 } },
        "29": { "start": { "line": 30, "column": 0 }, "end": { "line": 30, "column": 16 } },
        "30": { "start": { "line": 31, "column": 0 }, "end": { "line": 31, "column": 53 } },
        "31": { "start": { "line": 32, "column": 0 }, "end": { "line": 32, "column": 13 } },
        "32": { "start": { "line": 33, "column": 0 }, "end": { "line": 33, "column": 5 } },
        "34": { "start": { "line": 35, "column": 0 }, "end": { "line": 35, "column": 46 } },
        "35": { "start": { "line": 36, "column": 0 }, "end": { "line": 36, "column": 41 } },
        "36": { "start": { "line": 37, "column": 0 }, "end": { "line": 37, "column": 69 } },
        "37": { "start": { "line": 38, "column": 0 }, "end": { "line": 38, "column": 19 } },
        "38": { "start": { "line": 39, "column": 0 }, "end": { "line": 39, "column": 48 } },
        "39": { "start": { "line": 40, "column": 0 }, "end": { "line": 40, "column": 3 } },
        "40": { "start": { "line": 41, "column": 0 }, "end": { "line": 41, "column": 1 } },
        "42": { "start": { "line": 43, "column": 0 }, "end": { "line": 43, "column": 12 } }
      },
      "s": {
        "0": 0,
        "2": 0,
        "3": 0,
        "4": 0,
        "5": 0,
        "7": 0,
        "8": 0,
        "9": 0,
        "10": 0,
        "12": 0,
        "13": 0,
        "15": 0,
        "17": 0,
        "18": 0,
        "19": 0,
        "21": 0,
        "22": 0,
        "23": 0,
        "24": 0,
        "25": 0,
        "26": 0,
        "27": 0,
        "29": 0,
        "30": 0,
        "31": 0,
        "32": 0,
        "34": 0,
        "35": 0,
        "36": 0,
        "37": 0,
        "38": 0,
        "39": 0,
        "40": 0,
        "42": 0
      },
      "branchMap": {
        "0": {
          "type": "branch",
          "line": 1,
          "loc": { "start": { "line": 1, "column": 0 }, "end": { "line": 43, "column": -374 } },
          "locations": [
            { "start": { "line": 1, "column": 0 }, "end": { "line": 43, "column": -374 } }
          ]
        }
      },
      "b": { "0": [0] },
      "fnMap": {
        "0": {
          "name": "(empty-report)",
          "decl": { "start": { "line": 1, "column": 0 }, "end": { "line": 43, "column": -374 } },
          "loc": { "start": { "line": 1, "column": 0 }, "end": { "line": 43, "column": -374 } },
          "line": 1
        }
      },
      "f": { "0": 0 }
    },
    "/workspace/repos/bjornmelin-platform-io/scripts/test-email.mjs": {
      "path": "/workspace/repos/bjornmelin-platform-io/scripts/test-email.mjs",
      "all": true,
      "statementMap": {
        "0": { "start": { "line": 1, "column": 0 }, "end": { "line": 1, "column": 19 } },
        "2": { "start": { "line": 3, "column": 0 }, "end": { "line": 3, "column": 3 } },
        "3": { "start": { "line": 4, "column": 0 }, "end": { "line": 4, "column": 43 } },
        "4": { "start": { "line": 5, "column": 0 }, "end": { "line": 5, "column": 40 } },
        "5": { "start": { "line": 6, "column": 0 }, "end": { "line": 6, "column": 3 } },
        "7": { "start": { "line": 8, "column": 0 }, "end": { "line": 8, "column": 32 } },
        "8": { "start": { "line": 9, "column": 0 }, "end": { "line": 9, "column": 32 } },
        "10": { "start": { "line": 11, "column": 0 }, "end": { "line": 11, "column": 29 } },
        "11": { "start": { "line": 12, "column": 0 }, "end": { "line": 12, "column": 31 } },
        "13": { "start": { "line": 14, "column": 0 }, "end": { "line": 14, "column": 54 } },
        "15": { "start": { "line": 16, "column": 0 }, "end": { "line": 16, "column": 28 } },
        "16": { "start": { "line": 17, "column": 0 }, "end": { "line": 17, "column": 7 } },
        "17": { "start": { "line": 18, "column": 0 }, "end": { "line": 18, "column": 55 } },
        "18": { "start": { "line": 19, "column": 0 }, "end": { "line": 19, "column": 56 } },
        "19": { "start": { "line": 20, "column": 0 }, "end": { "line": 20, "column": 50 } },
        "20": { "start": { "line": 21, "column": 0 }, "end": { "line": 21, "column": 83 } },
        "21": { "start": { "line": 22, "column": 0 }, "end": { "line": 22, "column": 4 } },
        "22": { "start": { "line": 23, "column": 0 }, "end": { "line": 23, "column": 54 } },
        "23": { "start": { "line": 24, "column": 0 }, "end": { "line": 24, "column": 54 } },
        "24": { "start": { "line": 25, "column": 0 }, "end": { "line": 25, "column": 36 } },
        "25": { "start": { "line": 26, "column": 0 }, "end": { "line": 26, "column": 47 } },
        "26": { "start": { "line": 27, "column": 0 }, "end": { "line": 27, "column": 93 } },
        "27": { "start": { "line": 28, "column": 0 }, "end": { "line": 28, "column": 116 } },
        "28": { "start": { "line": 29, "column": 0 }, "end": { "line": 29, "column": 7 } },
        "30": { "start": { "line": 31, "column": 0 }, "end": { "line": 31, "column": 16 } },
        "31": { "start": { "line": 32, "column": 0 }, "end": { "line": 32, "column": 53 } },
        "32": { "start": { "line": 33, "column": 0 }, "end": { "line": 33, "column": 6 } },
        "33": { "start": { "line": 34, "column": 0 }, "end": { "line": 34, "column": 39 } },
        "34": { "start": { "line": 35, "column": 0 }, "end": { "line": 35, "column": 46 } },
        "35": { "start": { "line": 36, "column": 0 }, "end": { "line": 36, "column": 77 } },
        "36": { "start": { "line": 37, "column": 0 }, "end": { "line": 37, "column": 66 } },
        "37": { "start": { "line": 38, "column": 0 }, "end": { "line": 38, "column": 7 } },
        "38": { "start": { "line": 39, "column": 0 }, "end": { "line": 39, "column": 13 } },
        "39": { "start": { "line": 40, "column": 0 }, "end": { "line": 40, "column": 5 } },
        "41": { "start": { "line": 42, "column": 0 }, "end": { "line": 42, "column": 46 } },
        "42": { "start": { "line": 43, "column": 0 }, "end": { "line": 43, "column": 41 } },
        "43": { "start": { "line": 44, "column": 0 }, "end": { "line": 44, "column": 73 } },
        "44": { "start": { "line": 45, "column": 0 }, "end": { "line": 45, "column": 19 } },
        "45": { "start": { "line": 46, "column": 0 }, "end": { "line": 46, "column": 48 } },
        "46": { "start": { "line": 47, "column": 0 }, "end": { "line": 47, "column": 3 } },
        "47": { "start": { "line": 48, "column": 0 }, "end": { "line": 48, "column": 1 } },
        "49": { "start": { "line": 50, "column": 0 }, "end": { "line": 50, "column": 12 } }
      },
      "s": {
        "0": 0,
        "2": 0,
        "3": 0,
        "4": 0,
        "5": 0,
        "7": 0,
        "8": 0,
        "10": 0,
        "11": 0,
        "13": 0,
        "15": 0,
        "16": 0,
        "17": 0,
        "18": 0,
        "19": 0,
        "20": 0,
        "21": 0,
        "22": 0,
        "23": 0,
        "24": 0,
        "25": 0,
        "26": 0,
        "27": 0,
        "28": 0,
        "30": 0,
        "31": 0,
        "32": 0,
        "33": 0,
        "34": 0,
        "35": 0,
        "36": 0,
        "37": 0,
        "38": 0,
        "39": 0,
        "41": 0,
        "42": 0,
        "43": 0,
        "44": 0,
        "45": 0,
        "46": 0,
        "47": 0,
        "49": 0
      },
      "branchMap": {
        "0": {
          "type": "branch",
          "line": 1,
          "loc": { "start": { "line": 1, "column": 0 }, "end": { "line": 50, "column": -166 } },
          "locations": [
            { "start": { "line": 1, "column": 0 }, "end": { "line": 50, "column": -166 } }
          ]
        }
      },
      "b": { "0": [0] },
      "fnMap": {
        "0": {
          "name": "(empty-report)",
          "decl": { "start": { "line": 1, "column": 0 }, "end": { "line": 50, "column": -166 } },
          "loc": { "start": { "line": 1, "column": 0 }, "end": { "line": 50, "column": -166 } },
          "line": 1
        }
      },
      "f": { "0": 0 }
    },
    "/workspace/repos/bjornmelin-platform-io/src/data/education.ts": {
      "path": "/workspace/repos/bjornmelin-platform-io/src/data/education.ts",
      "all": true,
      "statementMap": {
        "19": { "start": { "line": 20, "column": 0 }, "end": { "line": 20, "column": 37 } },
        "20": { "start": { "line": 21, "column": 0 }, "end": { "line": 21, "column": 71 } },
        "21": { "start": { "line": 22, "column": 0 }, "end": { "line": 22, "column": 32 } },
        "22": { "start": { "line": 23, "column": 0 }, "end": { "line": 23, "column": 52 } },
        "23": { "start": { "line": 24, "column": 0 }, "end": { "line": 24, "column": 30 } },
        "24": { "start": { "line": 25, "column": 0 }, "end": { "line": 25, "column": 22 } },
        "25": { "start": { "line": 26, "column": 0 }, "end": { "line": 26, "column": 14 } },
        "26": { "start": { "line": 27, "column": 0 }, "end": { "line": 27, "column": 11 } },
        "27": { "start": { "line": 28, "column": 0 }, "end": { "line": 28, "column": 46 } },
        "28": { "start": { "line": 29, "column": 0 }, "end": { "line": 29, "column": 41 } },
        "29": { "start": { "line": 30, "column": 0 }, "end": { "line": 30, "column": 36 } },
        "30": { "start": { "line": 31, "column": 0 }, "end": { "line": 31, "column": 32 } },
        "31": { "start": { "line": 32, "column": 0 }, "end": { "line": 32, "column": 47 } },
        "32": { "start": { "line": 33, "column": 0 }, "end": { "line": 33, "column": 4 } },
        "33": { "start": { "line": 34, "column": 0 }, "end": { "line": 34, "column": 15 } },
        "34": { "start": { "line": 35, "column": 0 }, "end": { "line": 35, "column": 49 } },
        "35": { "start": { "line": 36, "column": 0 }, "end": { "line": 36, "column": 73 } },
        "36": { "start": { "line": 37, "column": 0 }, "end": { "line": 37, "column": 66 } },
        "37": { "start": { "line": 38, "column": 0 }, "end": { "line": 38, "column": 4 } },
        "38": { "start": { "line": 39, "column": 0 }, "end": { "line": 39, "column": 2 } }
      },
      "s": {
        "19": 0,
        "20": 0,
        "21": 0,
        "22": 0,
        "23": 0,
        "24": 0,
        "25": 0,
        "26": 0,
        "27": 0,
        "28": 0,
        "29": 0,
        "30": 0,
        "31": 0,
        "32": 0,
        "33": 0,
        "34": 0,
        "35": 0,
        "36": 0,
        "37": 0,
        "38": 0
      },
      "branchMap": {
        "0": {
          "type": "branch",
          "line": 1,
          "loc": { "start": { "line": 1, "column": 982 }, "end": { "line": 39, "column": 2 } },
          "locations": [
            { "start": { "line": 1, "column": 982 }, "end": { "line": 39, "column": 2 } }
          ]
        }
      },
      "b": { "0": [1] },
      "fnMap": {
        "0": {
          "name": "(empty-report)",
          "decl": { "start": { "line": 1, "column": 982 }, "end": { "line": 39, "column": 2 } },
          "loc": { "start": { "line": 1, "column": 982 }, "end": { "line": 39, "column": 2 } },
          "line": 1
        }
      },
      "f": { "0": 1 }
    },
    "/workspace/repos/bjornmelin-platform-io/src/lib/metadata.ts": {
      "path": "/workspace/repos/bjornmelin-platform-io/src/lib/metadata.ts",
      "all": true,
      "statementMap": {
        "9": { "start": { "line": 10, "column": 0 }, "end": { "line": 10, "column": 34 } },
        "10": { "start": { "line": 11, "column": 0 }, "end": { "line": 11, "column": 8 } },
        "11": { "start": { "line": 12, "column": 0 }, "end": { "line": 12, "column": 14 } },
        "12": { "start": { "line": 13, "column": 0 }, "end": { "line": 13, "column": 12 } },
        "13": { "start": { "line": 14, "column": 0 }, "end": { "line": 14, "column": 8 } },
        "14": { "start": { "line": 15, "column": 0 }, "end": { "line": 15, "column": 37 } },
        "15": { "start": { "line": 16, "column": 0 }, "end": { "line": 16, "column": 79 } },
        "16": { "start": { "line": 17, "column": 0 }, "end": { "line": 17, "column": 25 } },
        "17": { "start": { "line": 18, "column": 0 }, "end": { "line": 18, "column": 30 } },
        "18": { "start": { "line": 19, "column": 0 }, "end": { "line": 19, "column": 69 } },
        "20": { "start": { "line": 21, "column": 0 }, "end": { "line": 21, "column": 10 } },
        "21": { "start": { "line": 22, "column": 0 }, "end": { "line": 22, "column": 21 } },
        "22": { "start": { "line": 23, "column": 0 }, "end": { "line": 23, "column": 16 } },
        "23": { "start": { "line": 24, "column": 0 }, "end": { "line": 24, "column": 20 } },
        "24": { "start": { "line": 25, "column": 0 }, "end": { "line": 25, "column": 143 } },
        "25": { "start": { "line": 26, "column": 0 }, "end": { "line": 26, "column": 35 } },
        "26": { "start": { "line": 27, "column": 0 }, "end": { "line": 27, "column": 17 } },
        "27": { "start": { "line": 28, "column": 0 }, "end": { "line": 28, "column": 37 } },
        "28": { "start": { "line": 29, "column": 0 }, "end": { "line": 29, "column": 6 } },
        "29": { "start": { "line": 30, "column": 0 }, "end": { "line": 30, "column": 16 } },
        "30": { "start": { "line": 31, "column": 0 }, "end": { "line": 31, "column": 23 } },
        "31": { "start": { "line": 32, "column": 0 }, "end": { "line": 32, "column": 18 } },
        "32": { "start": { "line": 33, "column": 0 }, "end": { "line": 33, "column": 31 } },
        "33": { "start": { "line": 34, "column": 0 }, "end": { "line": 34, "column": 30 } },
        "34": { "start": { "line": 35, "column": 0 }, "end": { "line": 35, "column": 22 } },
        "35": { "start": { "line": 36, "column": 0 }, "end": { "line": 36, "column": 49 } },
        "36": { "start": { "line": 37, "column": 0 }, "end": { "line": 37, "column": 6 } },
        "37": { "start": { "line": 38, "column": 0 }, "end": { "line": 38, "column": 14 } },
        "38": { "start": { "line": 39, "column": 0 }, "end": { "line": 39, "column": 34 } },
        "39": { "start": { "line": 40, "column": 0 }, "end": { "line": 40, "column": 23 } },
        "40": { "start": { "line": 41, "column": 0 }, "end": { "line": 41, "column": 18 } },
        "41": { "start": { "line": 42, "column": 0 }, "end": { "line": 42, "column": 40 } },
        "42": { "start": { "line": 43, "column": 0 }, "end": { "line": 43, "column": 6 } },
        "43": { "start": { "line": 44, "column": 0 }, "end": { "line": 44, "column": 13 } },
        "44": { "start": { "line": 45, "column": 0 }, "end": { "line": 45, "column": 18 } },
        "45": { "start": { "line": 46, "column": 0 }, "end": { "line": 46, "column": 19 } },
        "46": { "start": { "line": 47, "column": 0 }, "end": { "line": 47, "column": 18 } },
        "47": { "start": { "line": 48, "column": 0 }, "end": { "line": 48, "column": 20 } },
        "48": { "start": { "line": 49, "column": 0 }, "end": { "line": 49, "column": 21 } },
        "49": { "start": { "line": 50, "column": 0 }, "end": { "line": 50, "column": 32 } },
        "50": { "start": { "line": 51, "column": 0 }, "end": { "line": 51, "column": 37 } },
        "51": { "start": { "line": 52, "column": 0 }, "end": { "line": 52, "column": 26 } },
        "52": { "start": { "line": 53, "column": 0 }, "end": { "line": 53, "column": 8 } },
        "53": { "start": { "line": 54, "column": 0 }, "end": { "line": 54, "column": 6 } },
        "54": { "start": { "line": 55, "column": 0 }, "end": { "line": 55, "column": 4 } },
        "55": { "start": { "line": 56, "column": 0 }, "end": { "line": 56, "column": 1 } }
      },
      "s": {
        "9": 0,
        "10": 0,
        "11": 0,
        "12": 0,
        "13": 0,
        "14": 0,
        "15": 0,
        "16": 0,
        "17": 0,
        "18": 0,
        "20": 0,
        "21": 0,
        "22": 0,
        "23": 0,
        "24": 0,
        "25": 0,
        "26": 0,
        "27": 0,
        "28": 0,
        "29": 0,
        "30": 0,
        "31": 0,
        "32": 0,
        "33": 0,
        "34": 0,
        "35": 0,
        "36": 0,
        "37": 0,
        "38": 0,
        "39": 0,
        "40": 0,
        "41": 0,
        "42": 0,
        "43": 0,
        "44": 0,
        "45": 0,
        "46": 0,
        "47": 0,
        "48": 0,
        "49": 0,
        "50": 0,
        "51": 0,
        "52": 0,
        "53": 0,
        "54": 0,
        "55": 0
      },
      "branchMap": {
        "0": {
          "type": "branch",
          "line": 1,
          "loc": { "start": { "line": 1, "column": 1373 }, "end": { "line": 56, "column": 1 } },
          "locations": [
            { "start": { "line": 1, "column": 1373 }, "end": { "line": 56, "column": 1 } }
          ]
        }
      },
      "b": { "0": [1] },
      "fnMap": {
        "0": {
          "name": "(empty-report)",
          "decl": { "start": { "line": 1, "column": 1373 }, "end": { "line": 56, "column": 1 } },
          "loc": { "start": { "line": 1, "column": 1373 }, "end": { "line": 56, "column": 1 } },
          "line": 1
        }
      },
      "f": { "0": 1 }
    },
    "/workspace/repos/bjornmelin-platform-io/src/data/hobbies.ts": {
      "path": "/workspace/repos/bjornmelin-platform-io/src/data/hobbies.ts",
      "all": true,
      "statementMap": {
        "6": { "start": { "line": 7, "column": 0 }, "end": { "line": 7, "column": 33 } },
        "7": { "start": { "line": 8, "column": 0 }, "end": { "line": 8, "column": 3 } },
        "8": { "start": { "line": 9, "column": 0 }, "end": { "line": 9, "column": 29 } },
        "9": { "start": { "line": 10, "column": 0 }, "end": { "line": 10, "column": 16 } },
        "10": { "start": { "line": 11, "column": 0 }, "end": { "line": 11, "column": 94 } },
        "11": { "start": { "line": 12, "column": 0 }, "end": { "line": 12, "column": 4 } },
        "12": { "start": { "line": 13, "column": 0 }, "end": { "line": 13, "column": 3 } },
        "13": { "start": { "line": 14, "column": 0 }, "end": { "line": 14, "column": 19 } },
        "14": { "start": { "line": 15, "column": 0 }, "end": { "line": 15, "column": 17 } },
        "15": { "start": { "line": 16, "column": 0 }, "end": { "line": 16, "column": 73 } },
        "16": { "start": { "line": 17, "column": 0 }, "end": { "line": 17, "column": 4 } },
        "17": { "start": { "line": 18, "column": 0 }, "end": { "line": 18, "column": 3 } },
        "18": { "start": { "line": 19, "column": 0 }, "end": { "line": 19, "column": 24 } },
        "19": { "start": { "line": 20, "column": 0 }, "end": { "line": 20, "column": 19 } },
        "20": { "start": { "line": 21, "column": 0 }, "end": { "line": 21, "column": 78 } },
        "21": { "start": { "line": 22, "column": 0 }, "end": { "line": 22, "column": 4 } },
        "22": { "start": { "line": 23, "column": 0 }, "end": { "line": 23, "column": 3 } },
        "23": { "start": { "line": 24, "column": 0 }, "end": { "line": 24, "column": 20 } },
        "24": { "start": { "line": 25, "column": 0 }, "end": { "line": 25, "column": 15 } },
        "25": { "start": { "line": 26, "column": 0 }, "end": { "line": 26, "column": 75 } },
        "26": { "start": { "line": 27, "column": 0 }, "end": { "line": 27, "column": 4 } },
        "27": { "start": { "line": 28, "column": 0 }, "end": { "line": 28, "column": 3 } },
        "28": { "start": { "line": 29, "column": 0 }, "end": { "line": 29, "column": 20 } },
        "29": { "start": { "line": 30, "column": 0 }, "end": { "line": 30, "column": 16 } },
        "30": { "start": { "line": 31, "column": 0 }, "end": { "line": 31, "column": 62 } },
        "31": { "start": { "line": 32, "column": 0 }, "end": { "line": 32, "column": 4 } },
        "32": { "start": { "line": 33, "column": 0 }, "end": { "line": 33, "column": 3 } },
        "33": { "start": { "line": 34, "column": 0 }, "end": { "line": 34, "column": 22 } },
        "34": { "start": { "line": 35, "column": 0 }, "end": { "line": 35, "column": 16 } },
        "35": { "start": { "line": 36, "column": 0 }, "end": { "line": 36, "column": 70 } },
        "36": { "start": { "line": 37, "column": 0 }, "end": { "line": 37, "column": 4 } },
        "37": { "start": { "line": 38, "column": 0 }, "end": { "line": 38, "column": 2 } }
      },
      "s": {
        "6": 0,
        "7": 0,
        "8": 0,
        "9": 0,
        "10": 0,
        "11": 0,
        "12": 0,
        "13": 0,
        "14": 0,
        "15": 0,
        "16": 0,
        "17": 0,
        "18": 0,
        "19": 0,
        "20": 0,
        "21": 0,
        "22": 0,
        "23": 0,
        "24": 0,
        "25": 0,
        "26": 0,
        "27": 0,
        "28": 0,
        "29": 0,
        "30": 0,
        "31": 0,
        "32": 0,
        "33": 0,
        "34": 0,
        "35": 0,
        "36": 0,
        "37": 0
      },
      "branchMap": {
        "0": {
          "type": "branch",
          "line": 1,
          "loc": { "start": { "line": 1, "column": 877 }, "end": { "line": 38, "column": 2 } },
          "locations": [
            { "start": { "line": 1, "column": 877 }, "end": { "line": 38, "column": 2 } }
          ]
        }
      },
      "b": { "0": [1] },
      "fnMap": {
        "0": {
          "name": "(empty-report)",
          "decl": { "start": { "line": 1, "column": 877 }, "end": { "line": 38, "column": 2 } },
          "loc": { "start": { "line": 1, "column": 877 }, "end": { "line": 38, "column": 2 } },
          "line": 1
        }
      },
      "f": { "0": 1 }
    },
    "/workspace/repos/bjornmelin-platform-io/src/data/projects.ts": {
      "path": "/workspace/repos/bjornmelin-platform-io/src/data/projects.ts",
      "all": true,
      "statementMap": {
        "2": { "start": { "line": 3, "column": 0 }, "end": { "line": 3, "column": 40 } },
        "3": { "start": { "line": 4, "column": 0 }, "end": { "line": 4, "column": 3 } },
        "4": { "start": { "line": 5, "column": 0 }, "end": { "line": 5, "column": 12 } },
        "5": { "start": { "line": 6, "column": 0 }, "end": { "line": 6, "column": 58 } },
        "6": { "start": { "line": 7, "column": 0 }, "end": { "line": 7, "column": 16 } },
        "7": { "start": { "line": 8, "column": 0 }, "end": { "line": 8, "column": 110 } },
        "10": { "start": { "line": 11, "column": 0 }, "end": { "line": 11, "column": 35 } },
        "11": { "start": { "line": 12, "column": 0 }, "end": { "line": 12, "column": 19 } },
        "12": { "start": { "line": 13, "column": 0 }, "end": { "line": 13, "column": 16 } },
        "13": { "start": { "line": 14, "column": 0 }, "end": { "line": 14, "column": 15 } },
        "14": { "start": { "line": 15, "column": 0 }, "end": { "line": 15, "column": 16 } },
        "15": { "start": { "line": 16, "column": 0 }, "end": { "line": 16, "column": 25 } },
        "16": { "start": { "line": 17, "column": 0 }, "end": { "line": 17, "column": 19 } },
        "17": { "start": { "line": 18, "column": 0 }, "end": { "line": 18, "column": 19 } },
        "18": { "start": { "line": 19, "column": 0 }, "end": { "line": 19, "column": 15 } },
        "19": { "start": { "line": 20, "column": 0 }, "end": { "line": 20, "column": 16 } },
        "20": { "start": { "line": 21, "column": 0 }, "end": { "line": 21, "column": 12 } },
        "21": { "start": { "line": 22, "column": 0 }, "end": { "line": 22, "column": 32 } },
        "22": { "start": { "line": 23, "column": 0 }, "end": { "line": 23, "column": 26 } },
        "23": { "start": { "line": 24, "column": 0 }, "end": { "line": 24, "column": 24 } },
        "24": { "start": { "line": 25, "column": 0 }, "end": { "line": 25, "column": 20 } },
        "25": { "start": { "line": 26, "column": 0 }, "end": { "line": 26, "column": 16 } },
        "26": { "start": { "line": 27, "column": 0 }, "end": { "line": 27, "column": 24 } },
        "27": { "start": { "line": 28, "column": 0 }, "end": { "line": 28, "column": 6 } },
        "28": { "start": { "line": 29, "column": 0 }, "end": { "line": 29, "column": 38 } },
        "29": { "start": { "line": 30, "column": 0 }, "end": { "line": 30, "column": 12 } },
        "30": { "start": { "line": 31, "column": 0 }, "end": { "line": 31, "column": 54 } },
        "31": { "start": { "line": 32, "column": 0 }, "end": { "line": 32, "column": 44 } },
        "32": { "start": { "line": 33, "column": 0 }, "end": { "line": 33, "column": 6 } },
        "33": { "start": { "line": 34, "column": 0 }, "end": { "line": 34, "column": 19 } },
        "34": { "start": { "line": 35, "column": 0 }, "end": { "line": 35, "column": 4 } },
        "35": { "start": { "line": 36, "column": 0 }, "end": { "line": 36, "column": 3 } },
        "36": { "start": { "line": 37, "column": 0 }, "end": { "line": 37, "column": 12 } },
        "37": { "start": { "line": 38, "column": 0 }, "end": { "line": 38, "column": 45 } },
        "38": { "start": { "line": 39, "column": 0 }, "end": { "line": 39, "column": 16 } },
        "39": { "start": { "line": 40, "column": 0 }, "end": { "line": 40, "column": 98 } },
        "43": { "start": { "line": 44, "column": 0 }, "end": { "line": 44, "column": 46 } },
        "44": { "start": { "line": 45, "column": 0 }, "end": { "line": 45, "column": 19 } },
        "45": { "start": { "line": 46, "column": 0 }, "end": { "line": 46, "column": 25 } },
        "46": { "start": { "line": 47, "column": 0 }, "end": { "line": 47, "column": 11 } },
        "47": { "start": { "line": 48, "column": 0 }, "end": { "line": 48, "column": 16 } },
        "48": { "start": { "line": 49, "column": 0 }, "end": { "line": 49, "column": 16 } },
        "49": { "start": { "line": 50, "column": 0 }, "end": { "line": 50, "column": 19 } },
        "50": { "start": { "line": 51, "column": 0 }, "end": { "line": 51, "column": 28 } },
        "51": { "start": { "line": 52, "column": 0 }, "end": { "line": 52, "column": 20 } },
        "52": { "start": { "line": 53, "column": 0 }, "end": { "line": 53, "column": 19 } },
        "53": { "start": { "line": 54, "column": 0 }, "end": { "line": 54, "column": 18 } },
        "54": { "start": { "line": 55, "column": 0 }, "end": { "line": 55, "column": 16 } },
        "55": { "start": { "line": 56, "column": 0 }, "end": { "line": 56, "column": 30 } },
        "56": { "start": { "line": 57, "column": 0 }, "end": { "line": 57, "column": 23 } },
        "57": { "start": { "line": 58, "column": 0 }, "end": { "line": 58, "column": 19 } },
        "58": { "start": { "line": 59, "column": 0 }, "end": { "line": 59, "column": 30 } },
        "59": { "start": { "line": 60, "column": 0 }, "end": { "line": 60, "column": 20 } },
        "60": { "start": { "line": 61, "column": 0 }, "end": { "line": 61, "column": 6 } },
        "61": { "start": { "line": 62, "column": 0 }, "end": { "line": 62, "column": 38 } },
        "62": { "start": { "line": 63, "column": 0 }, "end": { "line": 63, "column": 12 } },
        "63": { "start": { "line": 64, "column": 0 }, "end": { "line": 64, "column": 78 } },
        "64": { "start": { "line": 65, "column": 0 }, "end": { "line": 65, "column": 6 } },
        "65": { "start": { "line": 66, "column": 0 }, "end": { "line": 66, "column": 19 } },
        "66": { "start": { "line": 67, "column": 0 }, "end": { "line": 67, "column": 4 } },
        "67": { "start": { "line": 68, "column": 0 }, "end": { "line": 68, "column": 3 } },
        "68": { "start": { "line": 69, "column": 0 }, "end": { "line": 69, "column": 12 } },
        "69": { "start": { "line": 70, "column": 0 }, "end": { "line": 70, "column": 21 } },
        "70": { "start": { "line": 71, "column": 0 }, "end": { "line": 71, "column": 16 } },
        "71": { "start": { "line": 72, "column": 0 }, "end": { "line": 72, "column": 253 } },
        "72": { "start": { "line": 73, "column": 0 }, "end": { "line": 73, "column": 36 } },
        "73": { "start": { "line": 74, "column": 0 }, "end": { "line": 74, "column": 19 } },
        "74": { "start": { "line": 75, "column": 0 }, "end": { "line": 75, "column": 14 } },
        "75": { "start": { "line": 76, "column": 0 }, "end": { "line": 76, "column": 18 } },
        "76": { "start": { "line": 77, "column": 0 }, "end": { "line": 77, "column": 11 } },
        "77": { "start": { "line": 78, "column": 0 }, "end": { "line": 78, "column": 11 } },
        "78": { "start": { "line": 79, "column": 0 }, "end": { "line": 79, "column": 19 } },
        "79": { "start": { "line": 80, "column": 0 }, "end": { "line": 80, "column": 20 } },
        "80": { "start": { "line": 81, "column": 0 }, "end": { "line": 81, "column": 26 } },
        "81": { "start": { "line": 82, "column": 0 }, "end": { "line": 82, "column": 16 } },
        "82": { "start": { "line": 83, "column": 0 }, "end": { "line": 83, "column": 12 } },
        "83": { "start": { "line": 84, "column": 0 }, "end": { "line": 84, "column": 16 } },
        "84": { "start": { "line": 85, "column": 0 }, "end": { "line": 85, "column": 20 } },
        "85": { "start": { "line": 86, "column": 0 }, "end": { "line": 86, "column": 15 } },
        "86": { "start": { "line": 87, "column": 0 }, "end": { "line": 87, "column": 16 } },
        "87": { "start": { "line": 88, "column": 0 }, "end": { "line": 88, "column": 6 } },
        "88": { "start": { "line": 89, "column": 0 }, "end": { "line": 89, "column": 32 } },
        "89": { "start": { "line": 90, "column": 0 }, "end": { "line": 90, "column": 12 } },
        "90": { "start": { "line": 91, "column": 0 }, "end": { "line": 91, "column": 63 } },
        "92": { "start": { "line": 93, "column": 0 }, "end": { "line": 93, "column": 6 } },
        "93": { "start": { "line": 94, "column": 0 }, "end": { "line": 94, "column": 19 } },
        "94": { "start": { "line": 95, "column": 0 }, "end": { "line": 95, "column": 4 } },
        "95": { "start": { "line": 96, "column": 0 }, "end": { "line": 96, "column": 3 } },
        "96": { "start": { "line": 97, "column": 0 }, "end": { "line": 97, "column": 12 } },
        "97": { "start": { "line": 98, "column": 0 }, "end": { "line": 98, "column": 31 } },
        "98": { "start": { "line": 99, "column": 0 }, "end": { "line": 99, "column": 83 } },
        "99": { "start": { "line": 100, "column": 0 }, "end": { "line": 100, "column": 37 } },
        "100": { "start": { "line": 101, "column": 0 }, "end": { "line": 101, "column": 76 } },
        "101": { "start": { "line": 102, "column": 0 }, "end": { "line": 102, "column": 32 } },
        "102": { "start": { "line": 103, "column": 0 }, "end": { "line": 103, "column": 12 } },
        "103": { "start": { "line": 104, "column": 0 }, "end": { "line": 104, "column": 69 } },
        "104": { "start": { "line": 105, "column": 0 }, "end": { "line": 105, "column": 36 } },
        "105": { "start": { "line": 106, "column": 0 }, "end": { "line": 106, "column": 6 } },
        "106": { "start": { "line": 107, "column": 0 }, "end": { "line": 107, "column": 20 } },
        "107": { "start": { "line": 108, "column": 0 }, "end": { "line": 108, "column": 4 } },
        "108": { "start": { "line": 109, "column": 0 }, "end": { "line": 109, "column": 3 } },
        "109": { "start": { "line": 110, "column": 0 }, "end": { "line": 110, "column": 12 } },
        "110": { "start": { "line": 111, "column": 0 }, "end": { "line": 111, "column": 22 } },
        "111": { "start": { "line": 112, "column": 0 }, "end": { "line": 112, "column": 16 } },
        "112": { "start": { "line": 113, "column": 0 }, "end": { "line": 113, "column": 105 } },
        "113": { "start": { "line": 114, "column": 0 }, "end": { "line": 114, "column": 36 } },
        "114": { "start": { "line": 115, "column": 0 }, "end": { "line": 115, "column": 19 } },
        "115": { "start": { "line": 116, "column": 0 }, "end": { "line": 116, "column": 15 } },
        "116": { "start": { "line": 117, "column": 0 }, "end": { "line": 117, "column": 12 } },
        "117": { "start": { "line": 118, "column": 0 }, "end": { "line": 118, "column": 12 } },
        "118": { "start": { "line": 119, "column": 0 }, "end": { "line": 119, "column": 19 } },
        "119": { "start": { "line": 120, "column": 0 }, "end": { "line": 120, "column": 18 } },
        "120": { "start": { "line": 121, "column": 0 }, "end": { "line": 121, "column": 23 } },
        "121": { "start": { "line": 122, "column": 0 }, "end": { "line": 122, "column": 24 } },
        "122": { "start": { "line": 123, "column": 0 }, "end": { "line": 123, "column": 26 } },
        "123": { "start": { "line": 124, "column": 0 }, "end": { "line": 124, "column": 28 } },
        "124": { "start": { "line": 125, "column": 0 }, "end": { "line": 125, "column": 25 } },
        "125": { "start": { "line": 126, "column": 0 }, "end": { "line": 126, "column": 15 } },
        "126": { "start": { "line": 127, "column": 0 }, "end": { "line": 127, "column": 25 } },
        "127": { "start": { "line": 128, "column": 0 }, "end": { "line": 128, "column": 19 } },
        "128": { "start": { "line": 129, "column": 0 }, "end": { "line": 129, "column": 28 } },
        "129": { "start": { "line": 130, "column": 0 }, "end": { "line": 130, "column": 18 } },
        "130": { "start": { "line": 131, "column": 0 }, "end": { "line": 131, "column": 6 } },
        "131": { "start": { "line": 132, "column": 0 }, "end": { "line": 132, "column": 38 } },
        "132": { "start": { "line": 133, "column": 0 }, "end": { "line": 133, "column": 12 } },
        "133": { "start": { "line": 134, "column": 0 }, "end": { "line": 134, "column": 55 } },
        "134": { "start": { "line": 135, "column": 0 }, "end": { "line": 135, "column": 6 } },
        "135": { "start": { "line": 136, "column": 0 }, "end": { "line": 136, "column": 20 } },
        "136": { "start": { "line": 137, "column": 0 }, "end": { "line": 137, "column": 4 } },
        "137": { "start": { "line": 138, "column": 0 }, "end": { "line": 138, "column": 2 } }
      },
      "s": {
        "2": 0,
        "3": 0,
        "4": 0,
        "5": 0,
        "6": 0,
        "7": 0,
        "10": 0,
        "11": 0,
        "12": 0,
        "13": 0,
        "14": 0,
        "15": 0,
        "16": 0,
        "17": 0,
        "18": 0,
        "19": 0,
        "20": 0,
        "21": 0,
        "22": 0,
        "23": 0,
        "24": 0,
        "25": 0,
        "26": 0,
        "27": 0,
        "28": 0,
        "29": 0,
        "30": 0,
        "31": 0,
        "32": 0,
        "33": 0,
        "34": 0,
        "35": 0,
        "36": 0,
        "37": 0,
        "38": 0,
        "39": 0,
        "43": 0,
        "44": 0,
        "45": 0,
        "46": 0,
        "47": 0,
        "48": 0,
        "49": 0,
        "50": 0,
        "51": 0,
        "52": 0,
        "53": 0,
        "54": 0,
        "55": 0,
        "56": 0,
        "57": 0,
        "58": 0,
        "59": 0,
        "60": 0,
        "61": 0,
        "62": 0,
        "63": 0,
        "64": 0,
        "65": 0,
        "66": 0,
        "67": 0,
        "68": 0,
        "69": 0,
        "70": 0,
        "71": 0,
        "72": 0,
        "73": 0,
        "74": 0,
        "75": 0,
        "76": 0,
        "77": 0,
        "78": 0,
        "79": 0,
        "80": 0,
        "81": 0,
        "82": 0,
        "83": 0,
        "84": 0,
        "85": 0,
        "86": 0,
        "87": 0,
        "88": 0,
        "89": 0,
        "90": 0,
        "92": 0,
        "93": 0,
        "94": 0,
        "95": 0,
        "96": 0,
        "97": 0,
        "98": 0,
        "99": 0,
        "100": 0,
        "101": 0,
        "102": 0,
        "103": 0,
        "104": 0,
        "105": 0,
        "106": 0,
        "107": 0,
        "108": 0,
        "109": 0,
        "110": 0,
        "111": 0,
        "112": 0,
        "113": 0,
        "114": 0,
        "115": 0,
        "116": 0,
        "117": 0,
        "118": 0,
        "119": 0,
        "120": 0,
        "121": 0,
        "122": 0,
        "123": 0,
        "124": 0,
        "125": 0,
        "126": 0,
        "127": 0,
        "128": 0,
        "129": 0,
        "130": 0,
        "131": 0,
        "132": 0,
        "133": 0,
        "134": 0,
        "135": 0,
        "136": 0,
        "137": 0
      },
      "branchMap": {
        "0": {
          "type": "branch",
          "line": 1,
          "loc": { "start": { "line": 1, "column": 3980 }, "end": { "line": 138, "column": 2 } },
          "locations": [
            { "start": { "line": 1, "column": 3980 }, "end": { "line": 138, "column": 2 } }
          ]
        }
      },
      "b": { "0": [1] },
      "fnMap": {
        "0": {
          "name": "(empty-report)",
          "decl": { "start": { "line": 1, "column": 3980 }, "end": { "line": 138, "column": 2 } },
          "loc": { "start": { "line": 1, "column": 3980 }, "end": { "line": 138, "column": 2 } },
          "line": 1
        }
      },
      "f": { "0": 1 }
    },
    "/workspace/repos/bjornmelin-platform-io/src/lib/utils.ts": {
      "path": "/workspace/repos/bjornmelin-platform-io/src/lib/utils.ts",
      "all": true,
      "statementMap": {
        "0": { "start": { "line": 1, "column": 0 }, "end": { "line": 1, "column": 45 } },
        "1": { "start": { "line": 2, "column": 0 }, "end": { "line": 2, "column": 41 } },
        "3": { "start": { "line": 4, "column": 0 }, "end": { "line": 4, "column": 45 } },
        "4": { "start": { "line": 5, "column": 0 }, "end": { "line": 5, "column": 31 } },
        "5": { "start": { "line": 6, "column": 0 }, "end": { "line": 6, "column": 1 } }
      },
      "s": { "0": 0, "1": 0, "3": 0, "4": 0, "5": 0 },
      "branchMap": {
        "0": {
          "type": "branch",
          "line": 1,
          "loc": { "start": { "line": 1, "column": 168 }, "end": { "line": 6, "column": 1 } },
          "locations": [
            { "start": { "line": 1, "column": 168 }, "end": { "line": 6, "column": 1 } }
          ]
        }
      },
      "b": { "0": [0] },
      "fnMap": {
        "0": {
          "name": "(empty-report)",
          "decl": { "start": { "line": 1, "column": 168 }, "end": { "line": 6, "column": 1 } },
          "loc": { "start": { "line": 1, "column": 168 }, "end": { "line": 6, "column": 1 } },
          "line": 1
        }
      },
      "f": { "0": 0 }
    },
    "/workspace/repos/bjornmelin-platform-io/src/data/skills.ts": {
      "path": "/workspace/repos/bjornmelin-platform-io/src/data/skills.ts",
      "all": true,
      "statementMap": {
        "0": { "start": { "line": 1, "column": 0 }, "end": { "line": 1, "column": 60 } },
        "10": { "start": { "line": 11, "column": 0 }, "end": { "line": 11, "column": 49 } },
        "11": { "start": { "line": 12, "column": 0 }, "end": { "line": 12, "column": 3 } },
        "12": { "start": { "line": 13, "column": 0 }, "end": { "line": 13, "column": 34 } },
        "13": { "start": { "line": 14, "column": 0 }, "end": { "line": 14, "column": 16 } },
        "14": { "start": { "line": 15, "column": 0 }, "end": { "line": 15, "column": 46 } },
        "15": { "start": { "line": 16, "column": 0 }, "end": { "line": 16, "column": 13 } },
        "16": { "start": { "line": 17, "column": 0 }, "end": { "line": 17, "column": 24 } },
        "17": { "start": { "line": 18, "column": 0 }, "end": { "line": 18, "column": 31 } },
        "18": { "start": { "line": 19, "column": 0 }, "end": { "line": 19, "column": 22 } },
        "19": { "start": { "line": 20, "column": 0 }, "end": { "line": 20, "column": 22 } },
        "20": { "start": { "line": 21, "column": 0 }, "end": { "line": 21, "column": 26 } },
        "21": { "start": { "line": 22, "column": 0 }, "end": { "line": 22, "column": 25 } },
        "22": { "start": { "line": 23, "column": 0 }, "end": { "line": 23, "column": 24 } },
        "23": { "start": { "line": 24, "column": 0 }, "end": { "line": 24, "column": 6 } },
        "24": { "start": { "line": 25, "column": 0 }, "end": { "line": 25, "column": 4 } },
        "25": { "start": { "line": 26, "column": 0 }, "end": { "line": 26, "column": 3 } },
        "26": { "start": { "line": 27, "column": 0 }, "end": { "line": 27, "column": 39 } },
        "27": { "start": { "line": 28, "column": 0 }, "end": { "line": 28, "column": 16 } },
        "28": { "start": { "line": 29, "column": 0 }, "end": { "line": 29, "column": 42 } },
        "29": { "start": { "line": 30, "column": 0 }, "end": { "line": 30, "column": 13 } },
        "30": { "start": { "line": 31, "column": 0 }, "end": { "line": 31, "column": 22 } },
        "31": { "start": { "line": 32, "column": 0 }, "end": { "line": 32, "column": 26 } },
        "32": { "start": { "line": 33, "column": 0 }, "end": { "line": 33, "column": 23 } },
        "33": { "start": { "line": 34, "column": 0 }, "end": { "line": 34, "column": 19 } },
        "34": { "start": { "line": 35, "column": 0 }, "end": { "line": 35, "column": 25 } },
        "35": { "start": { "line": 36, "column": 0 }, "end": { "line": 36, "column": 14 } },
        "36": { "start": { "line": 37, "column": 0 }, "end": { "line": 37, "column": 15 } },
        "37": { "start": { "line": 38, "column": 0 }, "end": { "line": 38, "column": 12 } },
        "38": { "start": { "line": 39, "column": 0 }, "end": { "line": 39, "column": 6 } },
        "39": { "start": { "line": 40, "column": 0 }, "end": { "line": 40, "column": 4 } },
        "40": { "start": { "line": 41, "column": 0 }, "end": { "line": 41, "column": 3 } },
        "41": { "start": { "line": 42, "column": 0 }, "end": { "line": 42, "column": 24 } },
        "42": { "start": { "line": 43, "column": 0 }, "end": { "line": 43, "column": 15 } },
        "43": { "start": { "line": 44, "column": 0 }, "end": { "line": 44, "column": 44 } },
        "44": { "start": { "line": 45, "column": 0 }, "end": { "line": 45, "column": 13 } },
        "45": { "start": { "line": 46, "column": 0 }, "end": { "line": 46, "column": 15 } },
        "46": { "start": { "line": 47, "column": 0 }, "end": { "line": 47, "column": 13 } },
        "47": { "start": { "line": 48, "column": 0 }, "end": { "line": 48, "column": 19 } },
        "48": { "start": { "line": 49, "column": 0 }, "end": { "line": 49, "column": 19 } },
        "49": { "start": { "line": 50, "column": 0 }, "end": { "line": 50, "column": 16 } },
        "50": { "start": { "line": 51, "column": 0 }, "end": { "line": 51, "column": 18 } },
        "51": { "start": { "line": 52, "column": 0 }, "end": { "line": 52, "column": 34 } },
        "52": { "start": { "line": 53, "column": 0 }, "end": { "line": 53, "column": 21 } },
        "53": { "start": { "line": 54, "column": 0 }, "end": { "line": 54, "column": 13 } },
        "54": { "start": { "line": 55, "column": 0 }, "end": { "line": 55, "column": 15 } },
        "55": { "start": { "line": 56, "column": 0 }, "end": { "line": 56, "column": 14 } },
        "56": { "start": { "line": 57, "column": 0 }, "end": { "line": 57, "column": 6 } },
        "57": { "start": { "line": 58, "column": 0 }, "end": { "line": 58, "column": 4 } },
        "58": { "start": { "line": 59, "column": 0 }, "end": { "line": 59, "column": 3 } },
        "59": { "start": { "line": 60, "column": 0 }, "end": { "line": 60, "column": 25 } },
        "60": { "start": { "line": 61, "column": 0 }, "end": { "line": 61, "column": 19 } },
        "61": { "start": { "line": 62, "column": 0 }, "end": { "line": 62, "column": 46 } },
        "62": { "start": { "line": 63, "column": 0 }, "end": { "line": 63, "column": 13 } },
        "63": { "start": { "line": 64, "column": 0 }, "end": { "line": 64, "column": 28 } },
        "64": { "start": { "line": 65, "column": 0 }, "end": { "line": 65, "column": 33 } },
        "65": { "start": { "line": 66, "column": 0 }, "end": { "line": 66, "column": 19 } },
        "66": { "start": { "line": 67, "column": 0 }, "end": { "line": 67, "column": 29 } },
        "67": { "start": { "line": 68, "column": 0 }, "end": { "line": 68, "column": 19 } },
        "68": { "start": { "line": 69, "column": 0 }, "end": { "line": 69, "column": 20 } },
        "69": { "start": { "line": 70, "column": 0 }, "end": { "line": 70, "column": 6 } },
        "70": { "start": { "line": 71, "column": 0 }, "end": { "line": 71, "column": 4 } },
        "71": { "start": { "line": 72, "column": 0 }, "end": { "line": 72, "column": 2 } }
      },
      "s": {
        "0": 0,
        "10": 0,
        "11": 0,
        "12": 0,
        "13": 0,
        "14": 0,
        "15": 0,
        "16": 0,
        "17": 0,
        "18": 0,
        "19": 0,
        "20": 0,
        "21": 0,
        "22": 0,
        "23": 0,
        "24": 0,
        "25": 0,
        "26": 0,
        "27": 0,
        "28": 0,
        "29": 0,
        "30": 0,
        "31": 0,
        "32": 0,
        "33": 0,
        "34": 0,
        "35": 0,
        "36": 0,
        "37": 0,
        "38": 0,
        "39": 0,
        "40": 0,
        "41": 0,
        "42": 0,
        "43": 0,
        "44": 0,
        "45": 0,
        "46": 0,
        "47": 0,
        "48": 0,
        "49": 0,
        "50": 0,
        "51": 0,
        "52": 0,
        "53": 0,
        "54": 0,
        "55": 0,
        "56": 0,
        "57": 0,
        "58": 0,
        "59": 0,
        "60": 0,
        "61": 0,
        "62": 0,
        "63": 0,
        "64": 0,
        "65": 0,
        "66": 0,
        "67": 0,
        "68": 0,
        "69": 0,
        "70": 0,
        "71": 0
      },
      "branchMap": {
        "0": {
          "type": "branch",
          "line": 1,
          "loc": { "start": { "line": 1, "column": 1471 }, "end": { "line": 72, "column": 2 } },
          "locations": [
            { "start": { "line": 1, "column": 1471 }, "end": { "line": 72, "column": 2 } }
          ]
        }
      },
      "b": { "0": [0] },
      "fnMap": {
[...]
        "63": 0,
        "64": 0,
        "65": 0,
        "66": 0,
        "67": 0,
        "68": 0,
        "70": 0,
        "73": 0,
        "75": 0,
        "76": 0,
        "77": 0,
        "78": 0,
        "79": 0,
        "82": 0,
        "83": 0,
        "84": 0,
        "85": 0,
        "87": 0,
        "88": 0,
        "89": 0,
        "90": 0,
        "93": 0,
        "95": 0,
        "96": 0,
        "97": 0,
        "98": 0,
        "99": 0,
        "100": 0,
        "101": 0,
        "102": 0,
        "103": 0,
        "104": 0,
        "105": 0,
        "106": 0,
        "107": 0,
        "108": 0,
        "109": 0,
        "110": 0,
        "112": 0,
        "115": 0,
        "116": 0,
        "117": 0,
        "118": 0,
        "119": 0,
        "120": 0,
        "121": 0,
        "124": 0,
        "125": 0,
        "126": 0,
        "127": 0,
        "128": 0,
        "129": 0,
        "131": 0,
        "132": 0,
        "133": 0,
        "134": 0,
        "135": 0,
        "136": 0,
        "137": 0,
        "138": 0,
        "139": 0,
        "140": 0,
        "141": 0,
        "143": 0,
        "144": 0,
        "145": 0,
        "146": 0,
        "147": 0,
        "148": 0,
        "149": 0,
        "150": 0,
        "151": 0,
        "153": 0,
        "155": 0,
        "156": 0,
        "157": 0,
        "158": 0,
        "159": 0,
        "161": 0,
        "162": 0,
        "163": 0,
        "164": 0,
        "165": 0,
        "166": 0,
        "167": 0,
        "168": 0,
        "171": 0,
        "172": 0,
        "173": 0,
        "174": 0,
        "177": 0,
        "178": 0,
        "179": 0,
        "180": 0,
        "181": 0,
        "182": 0,
        "183": 0,
        "184": 0,
        "185": 0
      },
      "branchMap": {
        "0": {
          "type": "branch",
          "line": 1,
          "loc": { "start": { "line": 1, "column": 5055 }, "end": { "line": 186, "column": 1 } },
          "locations": [
            { "start": { "line": 1, "column": 5055 }, "end": { "line": 186, "column": 1 } }
          ]
        }
      },
      "b": { "0": [0] },
      "fnMap": {
        "0": {
          "name": "(empty-report)",
          "decl": { "start": { "line": 1, "column": 5055 }, "end": { "line": 186, "column": 1 } },
          "loc": { "start": { "line": 1, "column": 5055 }, "end": { "line": 186, "column": 1 } },
          "line": 1
        }
      },
      "f": { "0": 0 }
    },
    "/workspace/repos/bjornmelin-platform-io/src/app/api/csrf/route.ts": {
      "path": "/workspace/repos/bjornmelin-platform-io/src/app/api/csrf/route.ts",
      "all": true,
      "statementMap": {
        "0": { "start": { "line": 1, "column": 0 }, "end": { "line": 1, "column": 42 } },
        "1": { "start": { "line": 2, "column": 0 }, "end": { "line": 2, "column": 43 } },
        "2": { "start": { "line": 3, "column": 0 }, "end": { "line": 3, "column": 56 } },
        "4": { "start": { "line": 5, "column": 0 }, "end": { "line": 5, "column": 39 } },
        "6": { "start": { "line": 7, "column": 0 }, "end": { "line": 7, "column": 29 } },
        "7": { "start": { "line": 8, "column": 0 }, "end": { "line": 8, "column": 7 } },
        "9": { "start": { "line": 10, "column": 0 }, "end": { "line": 10, "column": 38 } },
        "12": { "start": { "line": 13, "column": 0 }, "end": { "line": 13, "column": 73 } },
        "14": { "start": { "line": 15, "column": 0 }, "end": { "line": 15, "column": 29 } },
        "15": { "start": { "line": 16, "column": 0 }, "end": { "line": 16, "column": 7 } },
        "16": { "start": { "line": 17, "column": 0 }, "end": { "line": 17, "column": 14 } },
        "17": { "start": { "line": 18, "column": 0 }, "end": { "line": 18, "column": 45 } },
        "18": { "start": { "line": 19, "column": 0 }, "end": { "line": 19, "column": 8 } },
        "19": { "start": { "line": 20, "column": 0 }, "end": { "line": 20, "column": 7 } },
        "20": { "start": { "line": 21, "column": 0 }, "end": { "line": 21, "column": 18 } },
        "21": { "start": { "line": 22, "column": 0 }, "end": { "line": 22, "column": 65 } },
        "22": { "start": { "line": 23, "column": 0 }, "end": { "line": 23, "column": 36 } },
        "23": { "start": { "line": 24, "column": 0 }, "end": { "line": 24, "column": 10 } },
        "24": { "start": { "line": 25, "column": 0 }, "end": { "line": 25, "column": 8 } },
        "25": { "start": { "line": 26, "column": 0 }, "end": { "line": 26, "column": 6 } },
        "26": { "start": { "line": 27, "column": 0 }, "end": { "line": 27, "column": 19 } },
        "27": { "start": { "line": 28, "column": 0 }, "end": { "line": 28, "column": 57 } },
        "28": { "start": { "line": 29, "column": 0 }, "end": { "line": 29, "column": 90 } },
        "29": { "start": { "line": 30, "column": 0 }, "end": { "line": 30, "column": 3 } },
        "30": { "start": { "line": 31, "column": 0 }, "end": { "line": 31, "column": 1 } }
      },
      "s": {
        "0": 0,
        "1": 0,
        "2": 0,
        "4": 0,
        "6": 0,
        "7": 0,
        "9": 0,
        "12": 0,
        "14": 0,
        "15": 0,
        "16": 0,
        "17": 0,
        "18": 0,
        "19": 0,
        "20": 0,
        "21": 0,
        "22": 0,
        "23": 0,
        "24": 0,
        "25": 0,
        "26": 0,
        "27": 0,
        "28": 0,
        "29": 0,
        "30": 0
      },
      "branchMap": {
        "0": {
          "type": "branch",
          "line": 1,
          "loc": { "start": { "line": 1, "column": 849 }, "end": { "line": 31, "column": 1 } },
          "locations": [
            { "start": { "line": 1, "column": 849 }, "end": { "line": 31, "column": 1 } }
          ]
        }
      },
      "b": { "0": [0] },
      "fnMap": {
        "0": {
          "name": "(empty-report)",
          "decl": { "start": { "line": 1, "column": 849 }, "end": { "line": 31, "column": 1 } },
          "loc": { "start": { "line": 1, "column": 849 }, "end": { "line": 31, "column": 1 } },
          "line": 1
        }
      },
      "f": { "0": 0 }
    },
    "/workspace/repos/bjornmelin-platform-io/out/_next/static/2JqQOfWENNKNJVyFEONVG/_ssgManifest.js": {
      "path": "/workspace/repos/bjornmelin-platform-io/out/_next/static/2JqQOfWENNKNJVyFEONVG/_ssgManifest.js",
      "all": true,
      "statementMap": {
        "0": { "start": { "line": 1, "column": 0 }, "end": { "line": 1, "column": 80 } }
      },
      "s": { "0": 0 },
      "branchMap": {
        "0": {
          "type": "branch",
          "line": 1,
          "loc": { "start": { "line": 1, "column": 0 }, "end": { "line": 1, "column": 80 } },
          "locations": [{ "start": { "line": 1, "column": 0 }, "end": { "line": 1, "column": 80 } }]
        }
      },
      "b": { "0": [0] },
      "fnMap": {
        "0": {
          "name": "(empty-report)",
          "decl": { "start": { "line": 1, "column": 0 }, "end": { "line": 1, "column": 80 } },
          "loc": { "start": { "line": 1, "column": 0 }, "end": { "line": 1, "column": 80 } },
          "line": 1
        }
      },
      "f": { "0": 0 }
    },
    "/workspace/repos/bjornmelin-platform-io/out/_next/static/2JqQOfWENNKNJVyFEONVG/_buildManifest.js": {
      "path": "/workspace/repos/bjornmelin-platform-io/out/_next/static/2JqQOfWENNKNJVyFEONVG/_buildManifest.js",
      "all": true,
      "statementMap": {
        "0": { "start": { "line": 1, "column": 0 }, "end": { "line": 1, "column": 224 } }
      },
      "s": { "0": 0 },
      "branchMap": {
        "0": {
          "type": "branch",
          "line": 1,
          "loc": { "start": { "line": 1, "column": 0 }, "end": { "line": 1, "column": 224 } },
          "locations": [
            { "start": { "line": 1, "column": 0 }, "end": { "line": 1, "column": 224 } }
          ]
        }
      },
      "b": { "0": [0] },
      "fnMap": {
        "0": {
          "name": "(empty-report)",
          "decl": { "start": { "line": 1, "column": 0 }, "end": { "line": 1, "column": 224 } },
          "loc": { "start": { "line": 1, "column": 0 }, "end": { "line": 1, "column": 224 } },
          "line": 1
        }
      },
      "f": { "0": 0 }
    },
    "/workspace/repos/bjornmelin-platform-io/out/_next/static/chunks/pages/_app-0784a4253db98b08.js": {
      "path": "/workspace/repos/bjornmelin-platform-io/out/_next/static/chunks/pages/_app-0784a4253db98b08.js",
      "all": true,
      "statementMap": {
        "0": { "start": { "line": 1, "column": 0 }, "end": { "line": 1, "column": 280 } }
      },
      "s": { "0": 0 },
      "branchMap": {
        "0": {
          "type": "branch",
          "line": 1,
          "loc": { "start": { "line": 1, "column": 0 }, "end": { "line": 1, "column": 280 } },
          "locations": [
            { "start": { "line": 1, "column": 0 }, "end": { "line": 1, "column": 280 } }
          ]
        }
      },
      "b": { "0": [0] },
      "fnMap": {
        "0": {
          "name": "(empty-report)",
          "decl": { "start": { "line": 1, "column": 0 }, "end": { "line": 1, "column": 280 } },
          "loc": { "start": { "line": 1, "column": 0 }, "end": { "line": 1, "column": 280 } },
          "line": 1
        }
      },
      "f": { "0": 0 }
    },
    "/workspace/repos/bjornmelin-platform-io/out/_next/static/chunks/pages/_error-91d2e0b05a5cce6b.js": {
      "path": "/workspace/repos/bjornmelin-platform-io/out/_next/static/chunks/pages/_error-91d2e0b05a5cce6b.js",
      "all": true,
      "statementMap": {
        "0": { "start": { "line": 1, "column": 0 }, "end": { "line": 1, "column": 247 } }
      },
      "s": { "0": 0 },
      "branchMap": {
        "0": {
          "type": "branch",
          "line": 1,
          "loc": { "start": { "line": 1, "column": 0 }, "end": { "line": 1, "column": 247 } },
          "locations": [
            { "start": { "line": 1, "column": 0 }, "end": { "line": 1, "column": 247 } }
          ]
        }
      },
      "b": { "0": [0] },
      "fnMap": {
        "0": {
          "name": "(empty-report)",
          "decl": { "start": { "line": 1, "column": 0 }, "end": { "line": 1, "column": 247 } },
          "loc": { "start": { "line": 1, "column": 0 }, "end": { "line": 1, "column": 247 } },
          "line": 1
        }
      },
      "f": { "0": 0 }
    },
    "/workspace/repos/bjornmelin-platform-io/out/_next/static/chunks/app/loading-30964b6af880f4c3.js": {
      "path": "/workspace/repos/bjornmelin-platform-io/out/_next/static/chunks/app/loading-30964b6af880f4c3.js",
      "all": true,
      "statementMap": {
        "0": { "start": { "line": 1, "column": 0 }, "end": { "line": 1, "column": 1691 } }
      },
      "s": { "0": 0 },
      "branchMap": {
        "0": {
          "type": "branch",
          "line": 1,
          "loc": { "start": { "line": 1, "column": 0 }, "end": { "line": 1, "column": 1691 } },
          "locations": [
            { "start": { "line": 1, "column": 0 }, "end": { "line": 1, "column": 1691 } }
          ]
        }
      },
      "b": { "0": [0] },
      "fnMap": {
        "0": {
          "name": "(empty-report)",
          "decl": { "start": { "line": 1, "column": 0 }, "end": { "line": 1, "column": 1691 } },
          "loc": { "start": { "line": 1, "column": 0 }, "end": { "line": 1, "column": 1691 } },
          "line": 1
        }
      },
      "f": { "0": 0 }
    },
    "/workspace/repos/bjornmelin-platform-io/out/_next/static/chunks/app/test-mobile-nav/page-55bcf94f0457b7a4.js": {
      "path": "/workspace/repos/bjornmelin-platform-io/out/_next/static/chunks/app/test-mobile-nav/page-55bcf94f0457b7a4.js",
      "all": true,
      "statementMap": {
        "0": { "start": { "line": 1, "column": 0 }, "end": { "line": 1, "column": 2698 } }
      },
      "s": { "0": 0 },
      "branchMap": {
        "0": {
          "type": "branch",
          "line": 1,
          "loc": { "start": { "line": 1, "column": 0 }, "end": { "line": 1, "column": 2698 } },
          "locations": [
            { "start": { "line": 1, "column": 0 }, "end": { "line": 1, "column": 2698 } }
          ]
        }
      },
      "b": { "0": [0] },
      "fnMap": {
        "0": {
          "name": "(empty-report)",
          "decl": { "start": { "line": 1, "column": 0 }, "end": { "line": 1, "column": 2698 } },
          "loc": { "start": { "line": 1, "column": 0 }, "end": { "line": 1, "column": 2698 } },
          "line": 1
        }
      },
      "f": { "0": 0 }
    },
    "/workspace/repos/bjornmelin-platform-io/out/_next/static/chunks/app/page-1007db47fb28a12f.js": {
      "path": "/workspace/repos/bjornmelin-platform-io/out/_next/static/chunks/app/page-1007db47fb28a12f.js",
      "all": true,
      "statementMap": {
        "0": { "start": { "line": 1, "column": 0 }, "end": { "line": 1, "column": 20169 } }
      },
      "s": { "0": 0 },
      "branchMap": {
        "0": {
          "type": "branch",
          "line": 1,
          "loc": { "start": { "line": 1, "column": 0 }, "end": { "line": 1, "column": 20166 } },
          "locations": [
            { "start": { "line": 1, "column": 0 }, "end": { "line": 1, "column": 20166 } }
          ]
        }
      },
      "b": { "0": [0] },
      "fnMap": {
        "0": {
          "name": "(empty-report)",
          "decl": { "start": { "line": 1, "column": 0 }, "end": { "line": 1, "column": 20166 } },
          "loc": { "start": { "line": 1, "column": 0 }, "end": { "line": 1, "column": 20166 } },
          "line": 1
        }
      },
      "f": { "0": 0 }
    },
    "/workspace/repos/bjornmelin-platform-io/out/_next/static/chunks/app/projects/page-044af17882a138dc.js": {
      "path": "/workspace/repos/bjornmelin-platform-io/out/_next/static/chunks/app/projects/page-044af17882a138dc.js",
      "all": true,
      "statementMap": {
        "0": { "start": { "line": 1, "column": 0 }, "end": { "line": 1, "column": 8088 } }
      },
      "s": { "0": 0 },
      "branchMap": {
        "0": {
          "type": "branch",
          "line": 1,
          "loc": { "start": { "line": 1, "column": 0 }, "end": { "line": 1, "column": 8088 } },
          "locations": [
            { "start": { "line": 1, "column": 0 }, "end": { "line": 1, "column": 8088 } }
          ]
        }
      },
      "b": { "0": [0] },
      "fnMap": {
        "0": {
          "name": "(empty-report)",
          "decl": { "start": { "line": 1, "column": 0 }, "end": { "line": 1, "column": 8088 } },
          "loc": { "start": { "line": 1, "column": 0 }, "end": { "line": 1, "column": 8088 } },
          "line": 1
        }
      },
      "f": { "0": 0 }
    },
    "/workspace/repos/bjornmelin-platform-io/out/_next/static/chunks/app/feature-flags-demo/page-bb2e5f17f35a8a8d.js": {
      "path": "/workspace/repos/bjornmelin-platform-io/out/_next/static/chunks/app/feature-flags-demo/page-bb2e5f17f35a8a8d.js",
      "all": true,
      "statementMap": {
        "0": { "start": { "line": 1, "column": 0 }, "end": { "line": 1, "column": 6132 } }
      },
      "s": { "0": 0 },
      "branchMap": {
        "0": {
          "type": "branch",
          "line": 1,
          "loc": { "start": { "line": 1, "column": 0 }, "end": { "line": 1, "column": 6132 } },
          "locations": [
            { "start": { "line": 1, "column": 0 }, "end": { "line": 1, "column": 6132 } }
          ]
        }
      },
      "b": { "0": [0] },
      "fnMap": {
        "0": {
          "name": "(empty-report)",
          "decl": { "start": { "line": 1, "column": 0 }, "end": { "line": 1, "column": 6132 } },
          "loc": { "start": { "line": 1, "column": 0 }, "end": { "line": 1, "column": 6132 } },
          "line": 1
        }
      },
      "f": { "0": 0 }
    },
    "/workspace/repos/bjornmelin-platform-io/out/_next/static/chunks/app/_not-found/page-590a7fde5b725520.js": {
      "path": "/workspace/repos/bjornmelin-platform-io/out/_next/static/chunks/app/_not-found/page-590a7fde5b725520.js",
      "all": true,
      "statementMap": {
        "0": { "start": { "line": 1, "column": 0 }, "end": { "line": 1, "column": 1741 } }
      },
      "s": { "0": 0 },
      "branchMap": {
        "0": {
          "type": "branch",
          "line": 1,
          "loc": { "start": { "line": 1, "column": 0 }, "end": { "line": 1, "column": 1741 } },
          "locations": [
            { "start": { "line": 1, "column": 0 }, "end": { "line": 1, "column": 1741 } }
          ]
        }
      },
      "b": { "0": [0] },
      "fnMap": {
        "0": {
          "name": "(empty-report)",
          "decl": { "start": { "line": 1, "column": 0 }, "end": { "line": 1, "column": 1741 } },
          "loc": { "start": { "line": 1, "column": 0 }, "end": { "line": 1, "column": 1741 } },
          "line": 1
        }
      },
      "f": { "0": 0 }
    },
    "/workspace/repos/bjornmelin-platform-io/out/_next/static/chunks/app/contact/page-a10206582d691d73.js": {
      "path": "/workspace/repos/bjornmelin-platform-io/out/_next/static/chunks/app/contact/page-a10206582d691d73.js",
      "all": true,
      "statementMap": {
        "0": { "start": { "line": 1, "column": 0 }, "end": { "line": 1, "column": 15984 } }
      },
      "s": { "0": 0 },
      "branchMap": {
        "0": {
          "type": "branch",
          "line": 1,
          "loc": { "start": { "line": 1, "column": 0 }, "end": { "line": 1, "column": 15981 } },
          "locations": [
            { "start": { "line": 1, "column": 0 }, "end": { "line": 1, "column": 15981 } }
          ]
        }
      },
      "b": { "0": [0] },
      "fnMap": {
        "0": {
          "name": "(empty-report)",
          "decl": { "start": { "line": 1, "column": 0 }, "end": { "line": 1, "column": 15981 } },
          "loc": { "start": { "line": 1, "column": 0 }, "end": { "line": 1, "column": 15981 } },
          "line": 1
        }
      },
      "f": { "0": 0 }
    },
    "/workspace/repos/bjornmelin-platform-io/out/_next/static/chunks/app/about/page-ee0947a012a8abe7.js": {
      "path": "/workspace/repos/bjornmelin-platform-io/out/_next/static/chunks/app/about/page-ee0947a012a8abe7.js",
      "all": true,
      "statementMap": {
        "0": { "start": { "line": 1, "column": 0 }, "end": { "line": 1, "column": 25986 } }
      },
      "s": { "0": 0 },
      "branchMap": {
        "0": {
          "type": "branch",
          "line": 1,
          "loc": { "start": { "line": 1, "column": 0 }, "end": { "line": 1, "column": 25986 } },
          "locations": [
            { "start": { "line": 1, "column": 0 }, "end": { "line": 1, "column": 25986 } }
          ]
        }
      },
      "b": { "0": [0] },
      "fnMap": {
        "0": {
          "name": "(empty-report)",
          "decl": { "start": { "line": 1, "column": 0 }, "end": { "line": 1, "column": 25986 } },
          "loc": { "start": { "line": 1, "column": 0 }, "end": { "line": 1, "column": 25986 } },
          "line": 1
        }
      },
      "f": { "0": 0 }
    },
    "/workspace/repos/bjornmelin-platform-io/out/_next/static/chunks/app/layout-12e8d30e54cc711c.js": {
      "path": "/workspace/repos/bjornmelin-platform-io/out/_next/static/chunks/app/layout-12e8d30e54cc711c.js",
      "all": true,
      "statementMap": {
        "0": { "start": { "line": 1, "column": 0 }, "end": { "line": 1, "column": 14134 } }
      },
      "s": { "0": 0 },
      "branchMap": {
        "0": {
          "type": "branch",
          "line": 1,
          "loc": { "start": { "line": 1, "column": 0 }, "end": { "line": 1, "column": 14134 } },
          "locations": [
            { "start": { "line": 1, "column": 0 }, "end": { "line": 1, "column": 14134 } }
          ]
        }
      },
      "b": { "0": [0] },
      "fnMap": {
        "0": {
          "name": "(empty-report)",
          "decl": { "start": { "line": 1, "column": 0 }, "end": { "line": 1, "column": 14134 } },
          "loc": { "start": { "line": 1, "column": 0 }, "end": { "line": 1, "column": 14134 } },
          "line": 1
        }
      },
      "f": { "0": 0 }
    }
  }
}
